2025-06-29T19:03:58.762+05:30  INFO 7568 --- [Joblisting] [main] com.abis.project.JoblistingApplication   : Starting JoblistingApplication using Java 17.0.15 with PID 7568 (C:\Users\Abh!shek\Desktop\Joblisting\target\classes started by Abhishek in C:\Users\Abh!shek\Desktop\Joblisting)
2025-06-29T19:03:58.770+05:30  INFO 7568 --- [Joblisting] [main] com.abis.project.JoblistingApplication   : No active profile set, falling back to 1 default profile: "default"
2025-06-29T19:04:01.352+05:30  INFO 7568 --- [Joblisting] [main] .s.d.r.c.RepositoryConfigurationDelegate : Bootstrapping Spring Data MongoDB repositories in DEFAULT mode.
2025-06-29T19:04:01.502+05:30  INFO 7568 --- [Joblisting] [main] .s.d.r.c.RepositoryConfigurationDelegate : Finished Spring Data repository scanning in 130 ms. Found 1 MongoDB repository interface.
2025-06-29T19:04:02.892+05:30  INFO 7568 --- [Joblisting] [main] o.s.b.w.embedded.tomcat.TomcatWebServer  : Tomcat initialized with port 8080 (http)
2025-06-29T19:04:02.962+05:30  INFO 7568 --- [Joblisting] [main] o.apache.catalina.core.StandardService   : Starting service [Tomcat]
2025-06-29T19:04:02.965+05:30  INFO 7568 --- [Joblisting] [main] o.apache.catalina.core.StandardEngine    : Starting Servlet engine: [Apache Tomcat/10.1.42]
2025-06-29T19:04:03.231+05:30  INFO 7568 --- [Joblisting] [main] o.a.c.c.C.[Tomcat].[localhost].[/]       : Initializing Spring embedded WebApplicationContext
2025-06-29T19:04:03.233+05:30  INFO 7568 --- [Joblisting] [main] w.s.c.ServletWebServerApplicationContext : Root WebApplicationContext: initialization completed in 4308 ms
2025-06-29T19:04:04.030+05:30  INFO 7568 --- [Joblisting] [main] org.mongodb.driver.client                : MongoClient with metadata {"application": {"name": "Cluster01"}, "driver": {"name": "mongo-java-driver|sync|spring-boot", "version": "5.5.1"}, "os": {"type": "Windows", "name": "Windows 10", "architecture": "amd64", "version": "10.0"}, "platform": "Java/Eclipse Adoptium/17.0.15+6"} created with settings MongoClientSettings{readPreference=primary, writeConcern=WriteConcern{w=majority, wTimeout=null ms, journal=null}, retryWrites=true, retryReads=true, readConcern=ReadConcern{level=null}, credential=MongoCredential{mechanism=null, userName='Abis', source='admin', password=<hidden>, mechanismProperties=<hidden>}, transportSettings=null, commandListeners=[], codecRegistry=ProvidersCodecRegistry{codecProviders=[ValueCodecProvider{}, BsonValueCodecProvider{}, DBRefCodecProvider{}, DBObjectCodecProvider{}, DocumentCodecProvider{}, CollectionCodecProvider{}, IterableCodecProvider{}, MapCodecProvider{}, GeoJsonCodecProvider{}, GridFSFileCodecProvider{}, Jsr310CodecProvider{}, JsonObjectCodecProvider{}, BsonCodecProvider{}, EnumCodecProvider{}, com.mongodb.client.model.mql.ExpressionCodecProvider@798cb6d9, com.mongodb.Jep395RecordCodecProvider@42679fc2, com.mongodb.KotlinCodecProvider@5e50df2e]}, loggerSettings=LoggerSettings{maxDocumentLength=1000}, clusterSettings={hosts=[127.0.0.1:27017], srvHost=cluster01.zkmiitb.mongodb.net, srvServiceName=mongodb, mode=MULTIPLE, requiredClusterType=REPLICA_SET, requiredReplicaSetName='atlas-2xohld-shard-0', serverSelector='null', clusterListeners='[]', serverSelectionTimeout='30000 ms', localThreshold='15 ms'}, socketSettings=SocketSettings{connectTimeoutMS=10000, readTimeoutMS=0, receiveBufferSize=0, proxySettings=ProxySettings{host=null, port=null, username=null, password=null}}, heartbeatSocketSettings=SocketSettings{connectTimeoutMS=10000, readTimeoutMS=10000, receiveBufferSize=0, proxySettings=ProxySettings{host=null, port=null, username=null, password=null}}, connectionPoolSettings=ConnectionPoolSettings{maxSize=100, minSize=0, maxWaitTimeMS=120000, maxConnectionLifeTimeMS=0, maxConnectionIdleTimeMS=0, maintenanceInitialDelayMS=0, maintenanceFrequencyMS=60000, connectionPoolListeners=[], maxConnecting=2}, serverSettings=ServerSettings{heartbeatFrequencyMS=10000, minHeartbeatFrequencyMS=500, serverMonitoringMode=AUTO, serverListeners='[]', serverMonitorListeners='[]'}, sslSettings=SslSettings{enabled=true, invalidHostNameAllowed=false, context=null}, applicationName='Cluster01', compressorList=[], uuidRepresentation=JAVA_LEGACY, serverApi=null, autoEncryptionSettings=null, dnsClient=null, inetAddressResolver=null, contextProvider=null, timeoutMS=null}
2025-06-29T19:04:04.225+05:30  INFO 7568 --- [Joblisting] [cluster-ClusterId{value='686140cb0658a439a4f41f45', description='Cluster01'}-srv-cluster01.zkmiitb.mongodb.net] org.mongodb.driver.cluster               : Adding discovered server ac-popw47z-shard-00-02.zkmiitb.mongodb.net:27017 to client view of cluster
2025-06-29T19:04:04.332+05:30  INFO 7568 --- [Joblisting] [cluster-ClusterId{value='686140cb0658a439a4f41f45', description='Cluster01'}-srv-cluster01.zkmiitb.mongodb.net] org.mongodb.driver.cluster               : Adding discovered server ac-popw47z-shard-00-00.zkmiitb.mongodb.net:27017 to client view of cluster
2025-06-29T19:04:04.345+05:30  INFO 7568 --- [Joblisting] [cluster-ClusterId{value='686140cb0658a439a4f41f45', description='Cluster01'}-srv-cluster01.zkmiitb.mongodb.net] org.mongodb.driver.cluster               : Adding discovered server ac-popw47z-shard-00-01.zkmiitb.mongodb.net:27017 to client view of cluster
2025-06-29T19:04:05.724+05:30  INFO 7568 --- [Joblisting] [cluster-ClusterId{value='686140cb0658a439a4f41f45', description='Cluster01'}-ac-popw47z-shard-00-00.zkmiitb.mongodb.net:27017] org.mongodb.driver.cluster               : Monitor thread successfully connected to server with description ServerDescription{address=ac-popw47z-shard-00-00.zkmiitb.mongodb.net:27017, type=REPLICA_SET_SECONDARY, cryptd=false, state=CONNECTED, ok=true, minWireVersion=0, maxWireVersion=25, maxDocumentSize=16777216, logicalSessionTimeoutMinutes=30, roundTripTimeNanos=636781800, minRoundTripTimeNanos=0, setName='atlas-2xohld-shard-0', canonicalAddress=ac-popw47z-shard-00-00.zkmiitb.mongodb.net:27017, hosts=[ac-popw47z-shard-00-00.zkmiitb.mongodb.net:27017, ac-popw47z-shard-00-01.zkmiitb.mongodb.net:27017, ac-popw47z-shard-00-02.zkmiitb.mongodb.net:27017], passives=[], arbiters=[], primary='ac-popw47z-shard-00-01.zkmiitb.mongodb.net:27017', tagSet=TagSet{[Tag{name='availabilityZone', value='asia-southeast1-a'}, Tag{name='diskState', value='READY'}, Tag{name='nodeType', value='ELECTABLE'}, Tag{name='provider', value='GCP'}, Tag{name='region', value='SOUTHEASTERN_ASIA_PACIFIC'}, Tag{name='workloadType', value='OPERATIONAL'}]}, electionId=null, setVersion=172, topologyVersion=TopologyVersion{processId=6852bc5bc510b849c8304232, counter=4}, lastWriteDate=Sun Jun 29 19:04:04 IST 2025, lastUpdateTimeNanos=4155775375999}
2025-06-29T19:04:05.725+05:30  INFO 7568 --- [Joblisting] [cluster-ClusterId{value='686140cb0658a439a4f41f45', description='Cluster01'}-ac-popw47z-shard-00-02.zkmiitb.mongodb.net:27017] org.mongodb.driver.cluster               : Monitor thread successfully connected to server with description ServerDescription{address=ac-popw47z-shard-00-02.zkmiitb.mongodb.net:27017, type=REPLICA_SET_SECONDARY, cryptd=false, state=CONNECTED, ok=true, minWireVersion=0, maxWireVersion=25, maxDocumentSize=16777216, logicalSessionTimeoutMinutes=30, roundTripTimeNanos=636783401, minRoundTripTimeNanos=0, setName='atlas-2xohld-shard-0', canonicalAddress=ac-popw47z-shard-00-02.zkmiitb.mongodb.net:27017, hosts=[ac-popw47z-shard-00-00.zkmiitb.mongodb.net:27017, ac-popw47z-shard-00-01.zkmiitb.mongodb.net:27017, ac-popw47z-shard-00-02.zkmiitb.mongodb.net:27017], passives=[], arbiters=[], primary='ac-popw47z-shard-00-01.zkmiitb.mongodb.net:27017', tagSet=TagSet{[Tag{name='availabilityZone', value='asia-southeast1-c'}, Tag{name='diskState', value='READY'}, Tag{name='nodeType', value='ELECTABLE'}, Tag{name='provider', value='GCP'}, Tag{name='region', value='SOUTHEASTERN_ASIA_PACIFIC'}, Tag{name='workloadType', value='OPERATIONAL'}]}, electionId=null, setVersion=172, topologyVersion=TopologyVersion{processId=6852c273bf5de2fb44bb4eb4, counter=3}, lastWriteDate=Sun Jun 29 19:04:04 IST 2025, lastUpdateTimeNanos=4155775375899}
2025-06-29T19:04:05.724+05:30  INFO 7568 --- [Joblisting] [cluster-ClusterId{value='686140cb0658a439a4f41f45', description='Cluster01'}-ac-popw47z-shard-00-01.zkmiitb.mongodb.net:27017] org.mongodb.driver.cluster               : Monitor thread successfully connected to server with description ServerDescription{address=ac-popw47z-shard-00-01.zkmiitb.mongodb.net:27017, type=REPLICA_SET_PRIMARY, cryptd=false, state=CONNECTED, ok=true, minWireVersion=0, maxWireVersion=25, maxDocumentSize=16777216, logicalSessionTimeoutMinutes=30, roundTripTimeNanos=637499900, minRoundTripTimeNanos=0, setName='atlas-2xohld-shard-0', canonicalAddress=ac-popw47z-shard-00-01.zkmiitb.mongodb.net:27017, hosts=[ac-popw47z-shard-00-00.zkmiitb.mongodb.net:27017, ac-popw47z-shard-00-01.zkmiitb.mongodb.net:27017, ac-popw47z-shard-00-02.zkmiitb.mongodb.net:27017], passives=[], arbiters=[], primary='ac-popw47z-shard-00-01.zkmiitb.mongodb.net:27017', tagSet=TagSet{[Tag{name='availabilityZone', value='asia-southeast1-b'}, Tag{name='diskState', value='READY'}, Tag{name='nodeType', value='ELECTABLE'}, Tag{name='provider', value='GCP'}, Tag{name='region', value='SOUTHEASTERN_ASIA_PACIFIC'}, Tag{name='workloadType', value='OPERATIONAL'}]}, electionId=7fffffff0000000000000238, setVersion=172, topologyVersion=TopologyVersion{processId=6852c017adb86dad93d030aa, counter=6}, lastWriteDate=Sun Jun 29 19:04:04 IST 2025, lastUpdateTimeNanos=4155776087700}
2025-06-29T19:04:05.740+05:30  INFO 7568 --- [Joblisting] [cluster-ClusterId{value='686140cb0658a439a4f41f45', description='Cluster01'}-ac-popw47z-shard-00-01.zkmiitb.mongodb.net:27017] org.mongodb.driver.cluster               : Discovered replica set primary ac-popw47z-shard-00-01.zkmiitb.mongodb.net:27017 with max election id 7fffffff0000000000000238 and max set version 172
2025-06-29T19:04:07.178+05:30  INFO 7568 --- [Joblisting] [main] o.s.b.w.embedded.tomcat.TomcatWebServer  : Tomcat started on port 8080 (http) with context path '/'
2025-06-29T19:04:07.222+05:30  INFO 7568 --- [Joblisting] [main] com.abis.project.JoblistingApplication   : Started JoblistingApplication in 9.72 seconds (process running for 11.397)
2025-06-29T19:04:19.598+05:30  INFO 7568 --- [Joblisting] [http-nio-8080-exec-1] o.a.c.c.C.[Tomcat].[localhost].[/]       : Initializing Spring DispatcherServlet 'dispatcherServlet'
2025-06-29T19:04:19.599+05:30  INFO 7568 --- [Joblisting] [http-nio-8080-exec-1] o.s.web.servlet.DispatcherServlet        : Initializing Servlet 'dispatcherServlet'
2025-06-29T19:04:19.614+05:30  INFO 7568 --- [Joblisting] [http-nio-8080-exec-1] o.s.web.servlet.DispatcherServlet        : Completed initialization in 7 ms
2025-06-29T19:04:19.971+05:30  INFO 7568 --- [Joblisting] [http-nio-8080-exec-1] com.abis.project.aspect.LogginAspect     : getAllPost Method Called!
2025-06-29T19:04:32.969+05:30  INFO 7568 --- [Joblisting] [http-nio-8080-exec-2] com.abis.project.aspect.LogginAspect     : getAllPost Method Called!
2025-06-29T19:08:14.509+05:30  INFO 7568 --- [Joblisting] [RMI TCP Connection(9)-127.0.0.1] inMXBeanRegistrar$SpringApplicationAdmin : Application shutdown requested.
2025-06-29T19:08:14.515+05:30  INFO 7568 --- [Joblisting] [RMI TCP Connection(9)-127.0.0.1] o.s.b.w.e.tomcat.GracefulShutdown        : Commencing graceful shutdown. Waiting for active requests to complete
2025-06-29T19:08:14.937+05:30  INFO 7568 --- [Joblisting] [tomcat-shutdown] o.s.b.w.e.tomcat.GracefulShutdown        : Graceful shutdown complete
2025-06-29T19:08:20.848+05:30  INFO 7472 --- [Joblisting] [main] com.abis.project.JoblistingApplication   : Starting JoblistingApplication using Java 17.0.15 with PID 7472 (C:\Users\Abh!shek\Desktop\Joblisting\target\classes started by Abhishek in C:\Users\Abh!shek\Desktop\Joblisting)
2025-06-29T19:08:20.859+05:30  INFO 7472 --- [Joblisting] [main] com.abis.project.JoblistingApplication   : No active profile set, falling back to 1 default profile: "default"
2025-06-29T19:08:23.887+05:30  INFO 7472 --- [Joblisting] [main] .s.d.r.c.RepositoryConfigurationDelegate : Bootstrapping Spring Data MongoDB repositories in DEFAULT mode.
2025-06-29T19:08:24.044+05:30  INFO 7472 --- [Joblisting] [main] .s.d.r.c.RepositoryConfigurationDelegate : Finished Spring Data repository scanning in 137 ms. Found 1 MongoDB repository interface.
2025-06-29T19:08:25.530+05:30  INFO 7472 --- [Joblisting] [main] o.s.b.w.embedded.tomcat.TomcatWebServer  : Tomcat initialized with port 8080 (http)
2025-06-29T19:08:25.573+05:30  INFO 7472 --- [Joblisting] [main] o.apache.catalina.core.StandardService   : Starting service [Tomcat]
2025-06-29T19:08:25.575+05:30  INFO 7472 --- [Joblisting] [main] o.apache.catalina.core.StandardEngine    : Starting Servlet engine: [Apache Tomcat/10.1.42]
2025-06-29T19:08:25.767+05:30  INFO 7472 --- [Joblisting] [main] o.a.c.c.C.[Tomcat].[localhost].[/]       : Initializing Spring embedded WebApplicationContext
2025-06-29T19:08:25.769+05:30  INFO 7472 --- [Joblisting] [main] w.s.c.ServletWebServerApplicationContext : Root WebApplicationContext: initialization completed in 4711 ms
2025-06-29T19:08:26.669+05:30  INFO 7472 --- [Joblisting] [main] org.mongodb.driver.client                : MongoClient with metadata {"application": {"name": "Cluster01"}, "driver": {"name": "mongo-java-driver|sync|spring-boot", "version": "5.5.1"}, "os": {"type": "Windows", "name": "Windows 10", "architecture": "amd64", "version": "10.0"}, "platform": "Java/Eclipse Adoptium/17.0.15+6"} created with settings MongoClientSettings{readPreference=primary, writeConcern=WriteConcern{w=majority, wTimeout=null ms, journal=null}, retryWrites=true, retryReads=true, readConcern=ReadConcern{level=null}, credential=MongoCredential{mechanism=null, userName='Abis', source='admin', password=<hidden>, mechanismProperties=<hidden>}, transportSettings=null, commandListeners=[], codecRegistry=ProvidersCodecRegistry{codecProviders=[ValueCodecProvider{}, BsonValueCodecProvider{}, DBRefCodecProvider{}, DBObjectCodecProvider{}, DocumentCodecProvider{}, CollectionCodecProvider{}, IterableCodecProvider{}, MapCodecProvider{}, GeoJsonCodecProvider{}, GridFSFileCodecProvider{}, Jsr310CodecProvider{}, JsonObjectCodecProvider{}, BsonCodecProvider{}, EnumCodecProvider{}, com.mongodb.client.model.mql.ExpressionCodecProvider@587c5c1, com.mongodb.Jep395RecordCodecProvider@528c8c1, com.mongodb.KotlinCodecProvider@1f78d415]}, loggerSettings=LoggerSettings{maxDocumentLength=1000}, clusterSettings={hosts=[127.0.0.1:27017], srvHost=cluster01.zkmiitb.mongodb.net, srvServiceName=mongodb, mode=MULTIPLE, requiredClusterType=REPLICA_SET, requiredReplicaSetName='atlas-2xohld-shard-0', serverSelector='null', clusterListeners='[]', serverSelectionTimeout='30000 ms', localThreshold='15 ms'}, socketSettings=SocketSettings{connectTimeoutMS=10000, readTimeoutMS=0, receiveBufferSize=0, proxySettings=ProxySettings{host=null, port=null, username=null, password=null}}, heartbeatSocketSettings=SocketSettings{connectTimeoutMS=10000, readTimeoutMS=10000, receiveBufferSize=0, proxySettings=ProxySettings{host=null, port=null, username=null, password=null}}, connectionPoolSettings=ConnectionPoolSettings{maxSize=100, minSize=0, maxWaitTimeMS=120000, maxConnectionLifeTimeMS=0, maxConnectionIdleTimeMS=0, maintenanceInitialDelayMS=0, maintenanceFrequencyMS=60000, connectionPoolListeners=[], maxConnecting=2}, serverSettings=ServerSettings{heartbeatFrequencyMS=10000, minHeartbeatFrequencyMS=500, serverMonitoringMode=AUTO, serverListeners='[]', serverMonitorListeners='[]'}, sslSettings=SslSettings{enabled=true, invalidHostNameAllowed=false, context=null}, applicationName='Cluster01', compressorList=[], uuidRepresentation=JAVA_LEGACY, serverApi=null, autoEncryptionSettings=null, dnsClient=null, inetAddressResolver=null, contextProvider=null, timeoutMS=null}
2025-06-29T19:08:26.834+05:30  INFO 7472 --- [Joblisting] [cluster-ClusterId{value='686141d2993b06a463d60452', description='Cluster01'}-srv-cluster01.zkmiitb.mongodb.net] org.mongodb.driver.cluster               : Adding discovered server ac-popw47z-shard-00-02.zkmiitb.mongodb.net:27017 to client view of cluster
2025-06-29T19:08:26.934+05:30  INFO 7472 --- [Joblisting] [cluster-ClusterId{value='686141d2993b06a463d60452', description='Cluster01'}-srv-cluster01.zkmiitb.mongodb.net] org.mongodb.driver.cluster               : Adding discovered server ac-popw47z-shard-00-00.zkmiitb.mongodb.net:27017 to client view of cluster
2025-06-29T19:08:26.950+05:30  INFO 7472 --- [Joblisting] [cluster-ClusterId{value='686141d2993b06a463d60452', description='Cluster01'}-srv-cluster01.zkmiitb.mongodb.net] org.mongodb.driver.cluster               : Adding discovered server ac-popw47z-shard-00-01.zkmiitb.mongodb.net:27017 to client view of cluster
2025-06-29T19:08:27.403+05:30  INFO 7472 --- [Joblisting] [cluster-ClusterId{value='686141d2993b06a463d60452', description='Cluster01'}-ac-popw47z-shard-00-00.zkmiitb.mongodb.net:27017] org.mongodb.driver.cluster               : Exception in monitor thread while connecting to server ac-popw47z-shard-00-00.zkmiitb.mongodb.net:27017

com.mongodb.MongoSocketException: No such host is known (ac-popw47z-shard-00-00.zkmiitb.mongodb.net)
	at com.mongodb.internal.connection.ServerAddressHelper.getSocketAddresses(ServerAddressHelper.java:75) ~[mongodb-driver-core-5.5.1.jar:na]
	at com.mongodb.internal.connection.SocketStream.initializeSocket(SocketStream.java:100) ~[mongodb-driver-core-5.5.1.jar:na]
	at com.mongodb.internal.connection.SocketStream.open(SocketStream.java:79) ~[mongodb-driver-core-5.5.1.jar:na]
	at com.mongodb.internal.connection.InternalStreamConnection.open(InternalStreamConnection.java:233) ~[mongodb-driver-core-5.5.1.jar:na]
	at com.mongodb.internal.connection.DefaultServerMonitor$ServerMonitor.lookupServerDescription(DefaultServerMonitor.java:219) ~[mongodb-driver-core-5.5.1.jar:na]
	at com.mongodb.internal.connection.DefaultServerMonitor$ServerMonitor.run(DefaultServerMonitor.java:176) ~[mongodb-driver-core-5.5.1.jar:na]
Caused by: java.net.UnknownHostException: No such host is known (ac-popw47z-shard-00-00.zkmiitb.mongodb.net)
	at java.base/java.net.Inet6AddressImpl.lookupAllHostAddr(Native Method) ~[na:na]
	at java.base/java.net.InetAddress$PlatformNameService.lookupAllHostAddr(InetAddress.java:934) ~[na:na]
	at java.base/java.net.InetAddress.getAddressesFromNameService(InetAddress.java:1543) ~[na:na]
	at java.base/java.net.InetAddress$NameServiceAddresses.get(InetAddress.java:852) ~[na:na]
	at java.base/java.net.InetAddress.getAllByName0(InetAddress.java:1533) ~[na:na]
	at java.base/java.net.InetAddress.getAllByName(InetAddress.java:1385) ~[na:na]
	at java.base/java.net.InetAddress.getAllByName(InetAddress.java:1306) ~[na:na]
	at com.mongodb.internal.connection.DefaultInetAddressResolver.lookupByName(DefaultInetAddressResolver.java:34) ~[mongodb-driver-core-5.5.1.jar:na]
	at com.mongodb.internal.connection.ServerAddressHelper.getSocketAddresses(ServerAddressHelper.java:71) ~[mongodb-driver-core-5.5.1.jar:na]
	... 5 common frames omitted

2025-06-29T19:08:28.231+05:30  INFO 7472 --- [Joblisting] [cluster-ClusterId{value='686141d2993b06a463d60452', description='Cluster01'}-ac-popw47z-shard-00-01.zkmiitb.mongodb.net:27017] org.mongodb.driver.cluster               : Monitor thread successfully connected to server with description ServerDescription{address=ac-popw47z-shard-00-01.zkmiitb.mongodb.net:27017, type=REPLICA_SET_PRIMARY, cryptd=false, state=CONNECTED, ok=true, minWireVersion=0, maxWireVersion=25, maxDocumentSize=16777216, logicalSessionTimeoutMinutes=30, roundTripTimeNanos=644776700, minRoundTripTimeNanos=0, setName='atlas-2xohld-shard-0', canonicalAddress=ac-popw47z-shard-00-01.zkmiitb.mongodb.net:27017, hosts=[ac-popw47z-shard-00-00.zkmiitb.mongodb.net:27017, ac-popw47z-shard-00-01.zkmiitb.mongodb.net:27017, ac-popw47z-shard-00-02.zkmiitb.mongodb.net:27017], passives=[], arbiters=[], primary='ac-popw47z-shard-00-01.zkmiitb.mongodb.net:27017', tagSet=TagSet{[Tag{name='availabilityZone', value='asia-southeast1-b'}, Tag{name='diskState', value='READY'}, Tag{name='nodeType', value='ELECTABLE'}, Tag{name='provider', value='GCP'}, Tag{name='region', value='SOUTHEASTERN_ASIA_PACIFIC'}, Tag{name='workloadType', value='OPERATIONAL'}]}, electionId=7fffffff0000000000000238, setVersion=172, topologyVersion=TopologyVersion{processId=6852c017adb86dad93d030aa, counter=6}, lastWriteDate=Sun Jun 29 19:08:27 IST 2025, lastUpdateTimeNanos=4418284681800}
2025-06-29T19:08:28.231+05:30  INFO 7472 --- [Joblisting] [cluster-ClusterId{value='686141d2993b06a463d60452', description='Cluster01'}-ac-popw47z-shard-00-02.zkmiitb.mongodb.net:27017] org.mongodb.driver.cluster               : Monitor thread successfully connected to server with description ServerDescription{address=ac-popw47z-shard-00-02.zkmiitb.mongodb.net:27017, type=REPLICA_SET_SECONDARY, cryptd=false, state=CONNECTED, ok=true, minWireVersion=0, maxWireVersion=25, maxDocumentSize=16777216, logicalSessionTimeoutMinutes=30, roundTripTimeNanos=650702900, minRoundTripTimeNanos=0, setName='atlas-2xohld-shard-0', canonicalAddress=ac-popw47z-shard-00-02.zkmiitb.mongodb.net:27017, hosts=[ac-popw47z-shard-00-00.zkmiitb.mongodb.net:27017, ac-popw47z-shard-00-01.zkmiitb.mongodb.net:27017, ac-popw47z-shard-00-02.zkmiitb.mongodb.net:27017], passives=[], arbiters=[], primary='ac-popw47z-shard-00-01.zkmiitb.mongodb.net:27017', tagSet=TagSet{[Tag{name='availabilityZone', value='asia-southeast1-c'}, Tag{name='diskState', value='READY'}, Tag{name='nodeType', value='ELECTABLE'}, Tag{name='provider', value='GCP'}, Tag{name='region', value='SOUTHEASTERN_ASIA_PACIFIC'}, Tag{name='workloadType', value='OPERATIONAL'}]}, electionId=null, setVersion=172, topologyVersion=TopologyVersion{processId=6852c273bf5de2fb44bb4eb4, counter=3}, lastWriteDate=Sun Jun 29 19:08:27 IST 2025, lastUpdateTimeNanos=4418284682000}
2025-06-29T19:08:28.241+05:30  INFO 7472 --- [Joblisting] [cluster-ClusterId{value='686141d2993b06a463d60452', description='Cluster01'}-ac-popw47z-shard-00-01.zkmiitb.mongodb.net:27017] org.mongodb.driver.cluster               : Discovered replica set primary ac-popw47z-shard-00-01.zkmiitb.mongodb.net:27017 with max election id 7fffffff0000000000000238 and max set version 172
2025-06-29T19:08:29.529+05:30  INFO 7472 --- [Joblisting] [main] o.s.b.w.embedded.tomcat.TomcatWebServer  : Tomcat started on port 8080 (http) with context path '/'
2025-06-29T19:08:29.581+05:30  INFO 7472 --- [Joblisting] [main] com.abis.project.JoblistingApplication   : Started JoblistingApplication in 10.145 seconds (process running for 11.814)
2025-06-29T19:08:37.955+05:30  INFO 7472 --- [Joblisting] [cluster-ClusterId{value='686141d2993b06a463d60452', description='Cluster01'}-ac-popw47z-shard-00-00.zkmiitb.mongodb.net:27017] org.mongodb.driver.cluster               : Monitor thread successfully connected to server with description ServerDescription{address=ac-popw47z-shard-00-00.zkmiitb.mongodb.net:27017, type=REPLICA_SET_SECONDARY, cryptd=false, state=CONNECTED, ok=true, minWireVersion=0, maxWireVersion=25, maxDocumentSize=16777216, logicalSessionTimeoutMinutes=30, roundTripTimeNanos=200499500, minRoundTripTimeNanos=0, setName='atlas-2xohld-shard-0', canonicalAddress=ac-popw47z-shard-00-00.zkmiitb.mongodb.net:27017, hosts=[ac-popw47z-shard-00-00.zkmiitb.mongodb.net:27017, ac-popw47z-shard-00-01.zkmiitb.mongodb.net:27017, ac-popw47z-shard-00-02.zkmiitb.mongodb.net:27017], passives=[], arbiters=[], primary='ac-popw47z-shard-00-01.zkmiitb.mongodb.net:27017', tagSet=TagSet{[Tag{name='availabilityZone', value='asia-southeast1-a'}, Tag{name='diskState', value='READY'}, Tag{name='nodeType', value='ELECTABLE'}, Tag{name='provider', value='GCP'}, Tag{name='region', value='SOUTHEASTERN_ASIA_PACIFIC'}, Tag{name='workloadType', value='OPERATIONAL'}]}, electionId=null, setVersion=172, topologyVersion=TopologyVersion{processId=6852bc5bc510b849c8304232, counter=4}, lastWriteDate=Sun Jun 29 19:08:36 IST 2025, lastUpdateTimeNanos=4428028438700}
2025-06-29T19:08:54.910+05:30  INFO 7472 --- [Joblisting] [http-nio-8080-exec-1] o.a.c.c.C.[Tomcat].[localhost].[/]       : Initializing Spring DispatcherServlet 'dispatcherServlet'
2025-06-29T19:08:54.910+05:30  INFO 7472 --- [Joblisting] [http-nio-8080-exec-1] o.s.web.servlet.DispatcherServlet        : Initializing Servlet 'dispatcherServlet'
2025-06-29T19:08:54.917+05:30  INFO 7472 --- [Joblisting] [http-nio-8080-exec-1] o.s.web.servlet.DispatcherServlet        : Completed initialization in 5 ms
2025-06-29T19:08:55.237+05:30  INFO 7472 --- [Joblisting] [http-nio-8080-exec-1] com.abis.project.aspect.LogginAspect     : getAllPost Method Called!
2025-06-29T19:08:56.759+05:30  INFO 7472 --- [Joblisting] [http-nio-8080-exec-1] com.abis.project.aspect.LogginAspect     : getAllPost Method Executed Successfully!
2025-06-29T19:23:38.212+05:30  INFO 7472 --- [Joblisting] [cluster-ClusterId{value='686141d2993b06a463d60452', description='Cluster01'}-ac-popw47z-shard-00-00.zkmiitb.mongodb.net:27017] org.mongodb.driver.cluster               : Exception in monitor thread while connecting to server ac-popw47z-shard-00-00.zkmiitb.mongodb.net:27017

com.mongodb.MongoSocketReadTimeoutException: Timeout while receiving message
	at com.mongodb.internal.connection.InternalStreamConnection.createReadTimeoutException(InternalStreamConnection.java:819) ~[mongodb-driver-core-5.5.1.jar:na]
	at com.mongodb.internal.connection.InternalStreamConnection.translateReadException(InternalStreamConnection.java:807) ~[mongodb-driver-core-5.5.1.jar:na]
	at com.mongodb.internal.connection.InternalStreamConnection.receiveResponseBuffers(InternalStreamConnection.java:857) ~[mongodb-driver-core-5.5.1.jar:na]
	at com.mongodb.internal.connection.InternalStreamConnection.receiveCommandMessageResponse(InternalStreamConnection.java:517) ~[mongodb-driver-core-5.5.1.jar:na]
	at com.mongodb.internal.connection.InternalStreamConnection.receive(InternalStreamConnection.java:469) ~[mongodb-driver-core-5.5.1.jar:na]
	at com.mongodb.internal.connection.DefaultServerMonitor$ServerMonitor.lookupServerDescription(DefaultServerMonitor.java:249) ~[mongodb-driver-core-5.5.1.jar:na]
	at com.mongodb.internal.connection.DefaultServerMonitor$ServerMonitor.run(DefaultServerMonitor.java:176) ~[mongodb-driver-core-5.5.1.jar:na]
Caused by: java.net.SocketTimeoutException: Read timed out
	at java.base/sun.nio.ch.NioSocketImpl.timedRead(NioSocketImpl.java:288) ~[na:na]
	at java.base/sun.nio.ch.NioSocketImpl.implRead(NioSocketImpl.java:314) ~[na:na]
	at java.base/sun.nio.ch.NioSocketImpl.read(NioSocketImpl.java:355) ~[na:na]
	at java.base/sun.nio.ch.NioSocketImpl$1.read(NioSocketImpl.java:808) ~[na:na]
	at java.base/java.net.Socket$SocketInputStream.read(Socket.java:966) ~[na:na]
	at java.base/sun.security.ssl.SSLSocketInputRecord.read(SSLSocketInputRecord.java:484) ~[na:na]
	at java.base/sun.security.ssl.SSLSocketInputRecord.readHeader(SSLSocketInputRecord.java:478) ~[na:na]
	at java.base/sun.security.ssl.SSLSocketInputRecord.bytesInCompletePacket(SSLSocketInputRecord.java:70) ~[na:na]
	at java.base/sun.security.ssl.SSLSocketImpl.readApplicationRecord(SSLSocketImpl.java:1465) ~[na:na]
	at java.base/sun.security.ssl.SSLSocketImpl$AppInputStream.read(SSLSocketImpl.java:1069) ~[na:na]
	at com.mongodb.internal.connection.SocketStream.read(SocketStream.java:182) ~[mongodb-driver-core-5.5.1.jar:na]
	at com.mongodb.internal.connection.InternalStreamConnection.receiveResponseBuffers(InternalStreamConnection.java:824) ~[mongodb-driver-core-5.5.1.jar:na]
	... 4 common frames omitted

2025-06-29T19:23:38.212+05:30  INFO 7472 --- [Joblisting] [cluster-ClusterId{value='686141d2993b06a463d60452', description='Cluster01'}-ac-popw47z-shard-00-01.zkmiitb.mongodb.net:27017] org.mongodb.driver.cluster               : Exception in monitor thread while connecting to server ac-popw47z-shard-00-01.zkmiitb.mongodb.net:27017

com.mongodb.MongoSocketReadTimeoutException: Timeout while receiving message
	at com.mongodb.internal.connection.InternalStreamConnection.createReadTimeoutException(InternalStreamConnection.java:819) ~[mongodb-driver-core-5.5.1.jar:na]
	at com.mongodb.internal.connection.InternalStreamConnection.translateReadException(InternalStreamConnection.java:807) ~[mongodb-driver-core-5.5.1.jar:na]
	at com.mongodb.internal.connection.InternalStreamConnection.receiveResponseBuffers(InternalStreamConnection.java:857) ~[mongodb-driver-core-5.5.1.jar:na]
	at com.mongodb.internal.connection.InternalStreamConnection.receiveCommandMessageResponse(InternalStreamConnection.java:517) ~[mongodb-driver-core-5.5.1.jar:na]
	at com.mongodb.internal.connection.InternalStreamConnection.receive(InternalStreamConnection.java:469) ~[mongodb-driver-core-5.5.1.jar:na]
	at com.mongodb.internal.connection.DefaultServerMonitor$ServerMonitor.lookupServerDescription(DefaultServerMonitor.java:249) ~[mongodb-driver-core-5.5.1.jar:na]
	at com.mongodb.internal.connection.DefaultServerMonitor$ServerMonitor.run(DefaultServerMonitor.java:176) ~[mongodb-driver-core-5.5.1.jar:na]
Caused by: java.net.SocketTimeoutException: Read timed out
	at java.base/sun.nio.ch.NioSocketImpl.timedRead(NioSocketImpl.java:288) ~[na:na]
	at java.base/sun.nio.ch.NioSocketImpl.implRead(NioSocketImpl.java:314) ~[na:na]
	at java.base/sun.nio.ch.NioSocketImpl.read(NioSocketImpl.java:355) ~[na:na]
	at java.base/sun.nio.ch.NioSocketImpl$1.read(NioSocketImpl.java:808) ~[na:na]
	at java.base/java.net.Socket$SocketInputStream.read(Socket.java:966) ~[na:na]
	at java.base/sun.security.ssl.SSLSocketInputRecord.read(SSLSocketInputRecord.java:484) ~[na:na]
	at java.base/sun.security.ssl.SSLSocketInputRecord.readHeader(SSLSocketInputRecord.java:478) ~[na:na]
	at java.base/sun.security.ssl.SSLSocketInputRecord.bytesInCompletePacket(SSLSocketInputRecord.java:70) ~[na:na]
	at java.base/sun.security.ssl.SSLSocketImpl.readApplicationRecord(SSLSocketImpl.java:1465) ~[na:na]
	at java.base/sun.security.ssl.SSLSocketImpl$AppInputStream.read(SSLSocketImpl.java:1069) ~[na:na]
	at com.mongodb.internal.connection.SocketStream.read(SocketStream.java:182) ~[mongodb-driver-core-5.5.1.jar:na]
	at com.mongodb.internal.connection.InternalStreamConnection.receiveResponseBuffers(InternalStreamConnection.java:824) ~[mongodb-driver-core-5.5.1.jar:na]
	... 4 common frames omitted

2025-06-29T19:23:38.212+05:30  INFO 7472 --- [Joblisting] [cluster-ClusterId{value='686141d2993b06a463d60452', description='Cluster01'}-ac-popw47z-shard-00-02.zkmiitb.mongodb.net:27017] org.mongodb.driver.cluster               : Exception in monitor thread while connecting to server ac-popw47z-shard-00-02.zkmiitb.mongodb.net:27017

com.mongodb.MongoSocketReadTimeoutException: Timeout while receiving message
	at com.mongodb.internal.connection.InternalStreamConnection.createReadTimeoutException(InternalStreamConnection.java:819) ~[mongodb-driver-core-5.5.1.jar:na]
	at com.mongodb.internal.connection.InternalStreamConnection.translateReadException(InternalStreamConnection.java:807) ~[mongodb-driver-core-5.5.1.jar:na]
	at com.mongodb.internal.connection.InternalStreamConnection.receiveResponseBuffers(InternalStreamConnection.java:857) ~[mongodb-driver-core-5.5.1.jar:na]
	at com.mongodb.internal.connection.InternalStreamConnection.receiveCommandMessageResponse(InternalStreamConnection.java:517) ~[mongodb-driver-core-5.5.1.jar:na]
	at com.mongodb.internal.connection.InternalStreamConnection.receive(InternalStreamConnection.java:469) ~[mongodb-driver-core-5.5.1.jar:na]
	at com.mongodb.internal.connection.DefaultServerMonitor$ServerMonitor.lookupServerDescription(DefaultServerMonitor.java:249) ~[mongodb-driver-core-5.5.1.jar:na]
	at com.mongodb.internal.connection.DefaultServerMonitor$ServerMonitor.run(DefaultServerMonitor.java:176) ~[mongodb-driver-core-5.5.1.jar:na]
Caused by: java.net.SocketTimeoutException: Read timed out
	at java.base/sun.nio.ch.NioSocketImpl.timedRead(NioSocketImpl.java:288) ~[na:na]
	at java.base/sun.nio.ch.NioSocketImpl.implRead(NioSocketImpl.java:314) ~[na:na]
	at java.base/sun.nio.ch.NioSocketImpl.read(NioSocketImpl.java:355) ~[na:na]
	at java.base/sun.nio.ch.NioSocketImpl$1.read(NioSocketImpl.java:808) ~[na:na]
	at java.base/java.net.Socket$SocketInputStream.read(Socket.java:966) ~[na:na]
	at java.base/sun.security.ssl.SSLSocketInputRecord.read(SSLSocketInputRecord.java:484) ~[na:na]
	at java.base/sun.security.ssl.SSLSocketInputRecord.readHeader(SSLSocketInputRecord.java:478) ~[na:na]
	at java.base/sun.security.ssl.SSLSocketInputRecord.bytesInCompletePacket(SSLSocketInputRecord.java:70) ~[na:na]
	at java.base/sun.security.ssl.SSLSocketImpl.readApplicationRecord(SSLSocketImpl.java:1465) ~[na:na]
	at java.base/sun.security.ssl.SSLSocketImpl$AppInputStream.read(SSLSocketImpl.java:1069) ~[na:na]
	at com.mongodb.internal.connection.SocketStream.read(SocketStream.java:182) ~[mongodb-driver-core-5.5.1.jar:na]
	at com.mongodb.internal.connection.InternalStreamConnection.receiveResponseBuffers(InternalStreamConnection.java:824) ~[mongodb-driver-core-5.5.1.jar:na]
	... 4 common frames omitted

2025-06-29T19:23:49.338+05:30  INFO 7472 --- [Joblisting] [cluster-ClusterId{value='686141d2993b06a463d60452', description='Cluster01'}-ac-popw47z-shard-00-00.zkmiitb.mongodb.net:27017] org.mongodb.driver.cluster               : Exception in monitor thread while connecting to server ac-popw47z-shard-00-00.zkmiitb.mongodb.net:27017

com.mongodb.MongoSocketException: No such host is known (ac-popw47z-shard-00-00.zkmiitb.mongodb.net)
	at com.mongodb.internal.connection.ServerAddressHelper.getSocketAddresses(ServerAddressHelper.java:75) ~[mongodb-driver-core-5.5.1.jar:na]
	at com.mongodb.internal.connection.SocketStream.initializeSocket(SocketStream.java:100) ~[mongodb-driver-core-5.5.1.jar:na]
	at com.mongodb.internal.connection.SocketStream.open(SocketStream.java:79) ~[mongodb-driver-core-5.5.1.jar:na]
	at com.mongodb.internal.connection.InternalStreamConnection.open(InternalStreamConnection.java:233) ~[mongodb-driver-core-5.5.1.jar:na]
	at com.mongodb.internal.connection.DefaultServerMonitor$ServerMonitor.lookupServerDescription(DefaultServerMonitor.java:219) ~[mongodb-driver-core-5.5.1.jar:na]
	at com.mongodb.internal.connection.DefaultServerMonitor$ServerMonitor.run(DefaultServerMonitor.java:176) ~[mongodb-driver-core-5.5.1.jar:na]
Caused by: java.net.UnknownHostException: No such host is known (ac-popw47z-shard-00-00.zkmiitb.mongodb.net)
	at java.base/java.net.Inet6AddressImpl.lookupAllHostAddr(Native Method) ~[na:na]
	at java.base/java.net.InetAddress$PlatformNameService.lookupAllHostAddr(InetAddress.java:934) ~[na:na]
	at java.base/java.net.InetAddress.getAddressesFromNameService(InetAddress.java:1543) ~[na:na]
	at java.base/java.net.InetAddress$NameServiceAddresses.get(InetAddress.java:852) ~[na:na]
	at java.base/java.net.InetAddress.getAllByName0(InetAddress.java:1533) ~[na:na]
	at java.base/java.net.InetAddress.getAllByName(InetAddress.java:1385) ~[na:na]
	at java.base/java.net.InetAddress.getAllByName(InetAddress.java:1306) ~[na:na]
	at com.mongodb.internal.connection.DefaultInetAddressResolver.lookupByName(DefaultInetAddressResolver.java:34) ~[mongodb-driver-core-5.5.1.jar:na]
	at com.mongodb.internal.connection.ServerAddressHelper.getSocketAddresses(ServerAddressHelper.java:71) ~[mongodb-driver-core-5.5.1.jar:na]
	... 5 common frames omitted

2025-06-29T19:23:49.338+05:30  INFO 7472 --- [Joblisting] [cluster-ClusterId{value='686141d2993b06a463d60452', description='Cluster01'}-ac-popw47z-shard-00-02.zkmiitb.mongodb.net:27017] org.mongodb.driver.cluster               : Exception in monitor thread while connecting to server ac-popw47z-shard-00-02.zkmiitb.mongodb.net:27017

com.mongodb.MongoSocketException: No such host is known (ac-popw47z-shard-00-02.zkmiitb.mongodb.net)
	at com.mongodb.internal.connection.ServerAddressHelper.getSocketAddresses(ServerAddressHelper.java:75) ~[mongodb-driver-core-5.5.1.jar:na]
	at com.mongodb.internal.connection.SocketStream.initializeSocket(SocketStream.java:100) ~[mongodb-driver-core-5.5.1.jar:na]
	at com.mongodb.internal.connection.SocketStream.open(SocketStream.java:79) ~[mongodb-driver-core-5.5.1.jar:na]
	at com.mongodb.internal.connection.InternalStreamConnection.open(InternalStreamConnection.java:233) ~[mongodb-driver-core-5.5.1.jar:na]
	at com.mongodb.internal.connection.DefaultServerMonitor$ServerMonitor.lookupServerDescription(DefaultServerMonitor.java:219) ~[mongodb-driver-core-5.5.1.jar:na]
	at com.mongodb.internal.connection.DefaultServerMonitor$ServerMonitor.run(DefaultServerMonitor.java:176) ~[mongodb-driver-core-5.5.1.jar:na]
Caused by: java.net.UnknownHostException: No such host is known (ac-popw47z-shard-00-02.zkmiitb.mongodb.net)
	at java.base/java.net.Inet6AddressImpl.lookupAllHostAddr(Native Method) ~[na:na]
	at java.base/java.net.InetAddress$PlatformNameService.lookupAllHostAddr(InetAddress.java:934) ~[na:na]
	at java.base/java.net.InetAddress.getAddressesFromNameService(InetAddress.java:1543) ~[na:na]
	at java.base/java.net.InetAddress$NameServiceAddresses.get(InetAddress.java:852) ~[na:na]
	at java.base/java.net.InetAddress.getAllByName0(InetAddress.java:1533) ~[na:na]
	at java.base/java.net.InetAddress.getAllByName(InetAddress.java:1385) ~[na:na]
	at java.base/java.net.InetAddress.getAllByName(InetAddress.java:1306) ~[na:na]
	at com.mongodb.internal.connection.DefaultInetAddressResolver.lookupByName(DefaultInetAddressResolver.java:34) ~[mongodb-driver-core-5.5.1.jar:na]
	at com.mongodb.internal.connection.ServerAddressHelper.getSocketAddresses(ServerAddressHelper.java:71) ~[mongodb-driver-core-5.5.1.jar:na]
	... 5 common frames omitted

2025-06-29T19:23:49.338+05:30  INFO 7472 --- [Joblisting] [cluster-ClusterId{value='686141d2993b06a463d60452', description='Cluster01'}-ac-popw47z-shard-00-01.zkmiitb.mongodb.net:27017] org.mongodb.driver.cluster               : Exception in monitor thread while connecting to server ac-popw47z-shard-00-01.zkmiitb.mongodb.net:27017

com.mongodb.MongoSocketException: No such host is known (ac-popw47z-shard-00-01.zkmiitb.mongodb.net)
	at com.mongodb.internal.connection.ServerAddressHelper.getSocketAddresses(ServerAddressHelper.java:75) ~[mongodb-driver-core-5.5.1.jar:na]
	at com.mongodb.internal.connection.SocketStream.initializeSocket(SocketStream.java:100) ~[mongodb-driver-core-5.5.1.jar:na]
	at com.mongodb.internal.connection.SocketStream.open(SocketStream.java:79) ~[mongodb-driver-core-5.5.1.jar:na]
	at com.mongodb.internal.connection.InternalStreamConnection.open(InternalStreamConnection.java:233) ~[mongodb-driver-core-5.5.1.jar:na]
	at com.mongodb.internal.connection.DefaultServerMonitor$ServerMonitor.lookupServerDescription(DefaultServerMonitor.java:219) ~[mongodb-driver-core-5.5.1.jar:na]
	at com.mongodb.internal.connection.DefaultServerMonitor$ServerMonitor.run(DefaultServerMonitor.java:176) ~[mongodb-driver-core-5.5.1.jar:na]
Caused by: java.net.UnknownHostException: No such host is known (ac-popw47z-shard-00-01.zkmiitb.mongodb.net)
	at java.base/java.net.Inet6AddressImpl.lookupAllHostAddr(Native Method) ~[na:na]
	at java.base/java.net.InetAddress$PlatformNameService.lookupAllHostAddr(InetAddress.java:934) ~[na:na]
	at java.base/java.net.InetAddress.getAddressesFromNameService(InetAddress.java:1543) ~[na:na]
	at java.base/java.net.InetAddress$NameServiceAddresses.get(InetAddress.java:852) ~[na:na]
	at java.base/java.net.InetAddress.getAllByName0(InetAddress.java:1533) ~[na:na]
	at java.base/java.net.InetAddress.getAllByName(InetAddress.java:1385) ~[na:na]
	at java.base/java.net.InetAddress.getAllByName(InetAddress.java:1306) ~[na:na]
	at com.mongodb.internal.connection.DefaultInetAddressResolver.lookupByName(DefaultInetAddressResolver.java:34) ~[mongodb-driver-core-5.5.1.jar:na]
	at com.mongodb.internal.connection.ServerAddressHelper.getSocketAddresses(ServerAddressHelper.java:71) ~[mongodb-driver-core-5.5.1.jar:na]
	... 5 common frames omitted

2025-06-29T19:24:19.381+05:30  INFO 7472 --- [Joblisting] [cluster-ClusterId{value='686141d2993b06a463d60452', description='Cluster01'}-ac-popw47z-shard-00-02.zkmiitb.mongodb.net:27017] org.mongodb.driver.cluster               : Exception in monitor thread while connecting to server ac-popw47z-shard-00-02.zkmiitb.mongodb.net:27017

com.mongodb.MongoSocketException: ac-popw47z-shard-00-02.zkmiitb.mongodb.net
	at com.mongodb.internal.connection.ServerAddressHelper.getSocketAddresses(ServerAddressHelper.java:75) ~[mongodb-driver-core-5.5.1.jar:na]
	at com.mongodb.internal.connection.SocketStream.initializeSocket(SocketStream.java:100) ~[mongodb-driver-core-5.5.1.jar:na]
	at com.mongodb.internal.connection.SocketStream.open(SocketStream.java:79) ~[mongodb-driver-core-5.5.1.jar:na]
	at com.mongodb.internal.connection.InternalStreamConnection.open(InternalStreamConnection.java:233) ~[mongodb-driver-core-5.5.1.jar:na]
	at com.mongodb.internal.connection.DefaultServerMonitor$ServerMonitor.lookupServerDescription(DefaultServerMonitor.java:219) ~[mongodb-driver-core-5.5.1.jar:na]
	at com.mongodb.internal.connection.DefaultServerMonitor$ServerMonitor.run(DefaultServerMonitor.java:176) ~[mongodb-driver-core-5.5.1.jar:na]
Caused by: java.net.UnknownHostException: ac-popw47z-shard-00-02.zkmiitb.mongodb.net
	at java.base/java.net.InetAddress$CachedAddresses.get(InetAddress.java:801) ~[na:na]
	at java.base/java.net.InetAddress.getAllByName0(InetAddress.java:1533) ~[na:na]
	at java.base/java.net.InetAddress.getAllByName(InetAddress.java:1385) ~[na:na]
	at java.base/java.net.InetAddress.getAllByName(InetAddress.java:1306) ~[na:na]
	at com.mongodb.internal.connection.DefaultInetAddressResolver.lookupByName(DefaultInetAddressResolver.java:34) ~[mongodb-driver-core-5.5.1.jar:na]
	at com.mongodb.internal.connection.ServerAddressHelper.getSocketAddresses(ServerAddressHelper.java:71) ~[mongodb-driver-core-5.5.1.jar:na]
	... 5 common frames omitted

2025-06-29T19:36:59.941+05:30  INFO 7472 --- [Joblisting] [cluster-ClusterId{value='686141d2993b06a463d60452', description='Cluster01'}-ac-popw47z-shard-00-01.zkmiitb.mongodb.net:27017] org.mongodb.driver.cluster               : Exception in monitor thread while connecting to server ac-popw47z-shard-00-01.zkmiitb.mongodb.net:27017

com.mongodb.MongoSocketException: ac-popw47z-shard-00-01.zkmiitb.mongodb.net
	at com.mongodb.internal.connection.ServerAddressHelper.getSocketAddresses(ServerAddressHelper.java:75) ~[mongodb-driver-core-5.5.1.jar:na]
	at com.mongodb.internal.connection.SocketStream.initializeSocket(SocketStream.java:100) ~[mongodb-driver-core-5.5.1.jar:na]
	at com.mongodb.internal.connection.SocketStream.open(SocketStream.java:79) ~[mongodb-driver-core-5.5.1.jar:na]
	at com.mongodb.internal.connection.InternalStreamConnection.open(InternalStreamConnection.java:233) ~[mongodb-driver-core-5.5.1.jar:na]
	at com.mongodb.internal.connection.DefaultServerMonitor$ServerMonitor.lookupServerDescription(DefaultServerMonitor.java:219) ~[mongodb-driver-core-5.5.1.jar:na]
	at com.mongodb.internal.connection.DefaultServerMonitor$ServerMonitor.run(DefaultServerMonitor.java:176) ~[mongodb-driver-core-5.5.1.jar:na]
Caused by: java.net.UnknownHostException: ac-popw47z-shard-00-01.zkmiitb.mongodb.net
	at java.base/java.net.InetAddress$CachedAddresses.get(InetAddress.java:801) ~[na:na]
	at java.base/java.net.InetAddress.getAllByName0(InetAddress.java:1533) ~[na:na]
	at java.base/java.net.InetAddress.getAllByName(InetAddress.java:1385) ~[na:na]
	at java.base/java.net.InetAddress.getAllByName(InetAddress.java:1306) ~[na:na]
	at com.mongodb.internal.connection.DefaultInetAddressResolver.lookupByName(DefaultInetAddressResolver.java:34) ~[mongodb-driver-core-5.5.1.jar:na]
	at com.mongodb.internal.connection.ServerAddressHelper.getSocketAddresses(ServerAddressHelper.java:71) ~[mongodb-driver-core-5.5.1.jar:na]
	... 5 common frames omitted

2025-06-29T19:37:09.954+05:30  INFO 7472 --- [Joblisting] [cluster-ClusterId{value='686141d2993b06a463d60452', description='Cluster01'}-ac-popw47z-shard-00-00.zkmiitb.mongodb.net:27017] org.mongodb.driver.cluster               : Exception in monitor thread while connecting to server ac-popw47z-shard-00-00.zkmiitb.mongodb.net:27017

com.mongodb.MongoSocketException: ac-popw47z-shard-00-00.zkmiitb.mongodb.net
	at com.mongodb.internal.connection.ServerAddressHelper.getSocketAddresses(ServerAddressHelper.java:75) ~[mongodb-driver-core-5.5.1.jar:na]
	at com.mongodb.internal.connection.SocketStream.initializeSocket(SocketStream.java:100) ~[mongodb-driver-core-5.5.1.jar:na]
	at com.mongodb.internal.connection.SocketStream.open(SocketStream.java:79) ~[mongodb-driver-core-5.5.1.jar:na]
	at com.mongodb.internal.connection.InternalStreamConnection.open(InternalStreamConnection.java:233) ~[mongodb-driver-core-5.5.1.jar:na]
	at com.mongodb.internal.connection.DefaultServerMonitor$ServerMonitor.lookupServerDescription(DefaultServerMonitor.java:219) ~[mongodb-driver-core-5.5.1.jar:na]
	at com.mongodb.internal.connection.DefaultServerMonitor$ServerMonitor.run(DefaultServerMonitor.java:176) ~[mongodb-driver-core-5.5.1.jar:na]
Caused by: java.net.UnknownHostException: ac-popw47z-shard-00-00.zkmiitb.mongodb.net
	at java.base/java.net.InetAddress$CachedAddresses.get(InetAddress.java:801) ~[na:na]
	at java.base/java.net.InetAddress.getAllByName0(InetAddress.java:1533) ~[na:na]
	at java.base/java.net.InetAddress.getAllByName(InetAddress.java:1385) ~[na:na]
	at java.base/java.net.InetAddress.getAllByName(InetAddress.java:1306) ~[na:na]
	at com.mongodb.internal.connection.DefaultInetAddressResolver.lookupByName(DefaultInetAddressResolver.java:34) ~[mongodb-driver-core-5.5.1.jar:na]
	at com.mongodb.internal.connection.ServerAddressHelper.getSocketAddresses(ServerAddressHelper.java:71) ~[mongodb-driver-core-5.5.1.jar:na]
	... 5 common frames omitted

2025-06-29T20:42:33.310+05:30  INFO 7472 --- [Joblisting] [cluster-ClusterId{value='686141d2993b06a463d60452', description='Cluster01'}-ac-popw47z-shard-00-00.zkmiitb.mongodb.net:27017] org.mongodb.driver.cluster               : Monitor thread successfully connected to server with description ServerDescription{address=ac-popw47z-shard-00-00.zkmiitb.mongodb.net:27017, type=REPLICA_SET_SECONDARY, cryptd=false, state=CONNECTED, ok=true, minWireVersion=0, maxWireVersion=25, maxDocumentSize=16777216, logicalSessionTimeoutMinutes=30, roundTripTimeNanos=197497400, minRoundTripTimeNanos=0, setName='atlas-2xohld-shard-0', canonicalAddress=ac-popw47z-shard-00-00.zkmiitb.mongodb.net:27017, hosts=[ac-popw47z-shard-00-00.zkmiitb.mongodb.net:27017, ac-popw47z-shard-00-01.zkmiitb.mongodb.net:27017, ac-popw47z-shard-00-02.zkmiitb.mongodb.net:27017], passives=[], arbiters=[], primary='ac-popw47z-shard-00-01.zkmiitb.mongodb.net:27017', tagSet=TagSet{[Tag{name='availabilityZone', value='asia-southeast1-a'}, Tag{name='diskState', value='READY'}, Tag{name='nodeType', value='ELECTABLE'}, Tag{name='provider', value='GCP'}, Tag{name='region', value='SOUTHEASTERN_ASIA_PACIFIC'}, Tag{name='workloadType', value='OPERATIONAL'}]}, electionId=null, setVersion=172, topologyVersion=TopologyVersion{processId=6852bc5bc510b849c8304232, counter=4}, lastWriteDate=Sun Jun 29 20:42:33 IST 2025, lastUpdateTimeNanos=10064498010600}
2025-06-29T20:42:33.316+05:30  INFO 7472 --- [Joblisting] [cluster-ClusterId{value='686141d2993b06a463d60452', description='Cluster01'}-ac-popw47z-shard-00-02.zkmiitb.mongodb.net:27017] org.mongodb.driver.cluster               : Monitor thread successfully connected to server with description ServerDescription{address=ac-popw47z-shard-00-02.zkmiitb.mongodb.net:27017, type=REPLICA_SET_SECONDARY, cryptd=false, state=CONNECTED, ok=true, minWireVersion=0, maxWireVersion=25, maxDocumentSize=16777216, logicalSessionTimeoutMinutes=30, roundTripTimeNanos=197321800, minRoundTripTimeNanos=0, setName='atlas-2xohld-shard-0', canonicalAddress=ac-popw47z-shard-00-02.zkmiitb.mongodb.net:27017, hosts=[ac-popw47z-shard-00-00.zkmiitb.mongodb.net:27017, ac-popw47z-shard-00-01.zkmiitb.mongodb.net:27017, ac-popw47z-shard-00-02.zkmiitb.mongodb.net:27017], passives=[], arbiters=[], primary='ac-popw47z-shard-00-01.zkmiitb.mongodb.net:27017', tagSet=TagSet{[Tag{name='availabilityZone', value='asia-southeast1-c'}, Tag{name='diskState', value='READY'}, Tag{name='nodeType', value='ELECTABLE'}, Tag{name='provider', value='GCP'}, Tag{name='region', value='SOUTHEASTERN_ASIA_PACIFIC'}, Tag{name='workloadType', value='OPERATIONAL'}]}, electionId=null, setVersion=172, topologyVersion=TopologyVersion{processId=6852c273bf5de2fb44bb4eb4, counter=3}, lastWriteDate=Sun Jun 29 20:42:33 IST 2025, lastUpdateTimeNanos=10064505541800}
2025-06-29T20:42:43.328+05:30  INFO 7472 --- [Joblisting] [cluster-ClusterId{value='686141d2993b06a463d60452', description='Cluster01'}-ac-popw47z-shard-00-01.zkmiitb.mongodb.net:27017] org.mongodb.driver.cluster               : Monitor thread successfully connected to server with description ServerDescription{address=ac-popw47z-shard-00-01.zkmiitb.mongodb.net:27017, type=REPLICA_SET_PRIMARY, cryptd=false, state=CONNECTED, ok=true, minWireVersion=0, maxWireVersion=25, maxDocumentSize=16777216, logicalSessionTimeoutMinutes=30, roundTripTimeNanos=205251700, minRoundTripTimeNanos=0, setName='atlas-2xohld-shard-0', canonicalAddress=ac-popw47z-shard-00-01.zkmiitb.mongodb.net:27017, hosts=[ac-popw47z-shard-00-00.zkmiitb.mongodb.net:27017, ac-popw47z-shard-00-01.zkmiitb.mongodb.net:27017, ac-popw47z-shard-00-02.zkmiitb.mongodb.net:27017], passives=[], arbiters=[], primary='ac-popw47z-shard-00-01.zkmiitb.mongodb.net:27017', tagSet=TagSet{[Tag{name='availabilityZone', value='asia-southeast1-b'}, Tag{name='diskState', value='READY'}, Tag{name='nodeType', value='ELECTABLE'}, Tag{name='provider', value='GCP'}, Tag{name='region', value='SOUTHEASTERN_ASIA_PACIFIC'}, Tag{name='workloadType', value='OPERATIONAL'}]}, electionId=7fffffff0000000000000238, setVersion=172, topologyVersion=TopologyVersion{processId=6852c017adb86dad93d030aa, counter=6}, lastWriteDate=Sun Jun 29 20:42:43 IST 2025, lastUpdateTimeNanos=10074516639500}
2025-06-29T20:42:43.330+05:30  INFO 7472 --- [Joblisting] [cluster-ClusterId{value='686141d2993b06a463d60452', description='Cluster01'}-ac-popw47z-shard-00-01.zkmiitb.mongodb.net:27017] org.mongodb.driver.cluster               : Discovered replica set primary ac-popw47z-shard-00-01.zkmiitb.mongodb.net:27017 with max election id 7fffffff0000000000000238 and max set version 172
2025-06-29T20:42:50.672+05:30  INFO 7472 --- [Joblisting] [http-nio-8080-exec-5] o.springdoc.api.AbstractOpenApiResource  : Init duration for springdoc-openapi is: 1264 ms
2025-06-29T20:43:11.446+05:30  INFO 7472 --- [Joblisting] [http-nio-8080-exec-7] com.abis.project.aspect.LogginAspect     : getAllPost Method Called!
2025-06-29T20:43:12.216+05:30  INFO 7472 --- [Joblisting] [http-nio-8080-exec-7] com.abis.project.aspect.LogginAspect     : getAllPost Method Executed Successfully!
2025-06-29T20:46:43.549+05:30  INFO 7472 --- [Joblisting] [RMI TCP Connection(102)-127.0.0.1] inMXBeanRegistrar$SpringApplicationAdmin : Application shutdown requested.
2025-06-29T20:46:43.559+05:30  INFO 7472 --- [Joblisting] [RMI TCP Connection(102)-127.0.0.1] o.s.b.w.e.tomcat.GracefulShutdown        : Commencing graceful shutdown. Waiting for active requests to complete
2025-06-29T20:46:43.649+05:30  INFO 7472 --- [Joblisting] [tomcat-shutdown] o.s.b.w.e.tomcat.GracefulShutdown        : Graceful shutdown complete
2025-06-29T20:46:50.548+05:30  INFO 9628 --- [Joblisting] [main] com.abis.project.JoblistingApplication   : Starting JoblistingApplication using Java 17.0.15 with PID 9628 (C:\Users\Abh!shek\Desktop\Joblisting\target\classes started by Abhishek in C:\Users\Abh!shek\Desktop\Joblisting)
2025-06-29T20:46:50.559+05:30  INFO 9628 --- [Joblisting] [main] com.abis.project.JoblistingApplication   : No active profile set, falling back to 1 default profile: "default"
2025-06-29T20:46:53.227+05:30  INFO 9628 --- [Joblisting] [main] .s.d.r.c.RepositoryConfigurationDelegate : Bootstrapping Spring Data MongoDB repositories in DEFAULT mode.
2025-06-29T20:46:53.404+05:30  INFO 9628 --- [Joblisting] [main] .s.d.r.c.RepositoryConfigurationDelegate : Finished Spring Data repository scanning in 153 ms. Found 1 MongoDB repository interface.
2025-06-29T20:46:55.129+05:30  INFO 9628 --- [Joblisting] [main] o.s.b.w.embedded.tomcat.TomcatWebServer  : Tomcat initialized with port 8080 (http)
2025-06-29T20:46:55.172+05:30  INFO 9628 --- [Joblisting] [main] o.apache.catalina.core.StandardService   : Starting service [Tomcat]
2025-06-29T20:46:55.174+05:30  INFO 9628 --- [Joblisting] [main] o.apache.catalina.core.StandardEngine    : Starting Servlet engine: [Apache Tomcat/10.1.42]
2025-06-29T20:46:55.368+05:30  INFO 9628 --- [Joblisting] [main] o.a.c.c.C.[Tomcat].[localhost].[/]       : Initializing Spring embedded WebApplicationContext
2025-06-29T20:46:55.369+05:30  INFO 9628 --- [Joblisting] [main] w.s.c.ServletWebServerApplicationContext : Root WebApplicationContext: initialization completed in 4642 ms
2025-06-29T20:46:56.098+05:30  INFO 9628 --- [Joblisting] [main] org.mongodb.driver.client                : MongoClient with metadata {"application": {"name": "Cluster01"}, "driver": {"name": "mongo-java-driver|sync|spring-boot", "version": "5.5.1"}, "os": {"type": "Windows", "name": "Windows 10", "architecture": "amd64", "version": "10.0"}, "platform": "Java/Eclipse Adoptium/17.0.15+6"} created with settings MongoClientSettings{readPreference=primary, writeConcern=WriteConcern{w=majority, wTimeout=null ms, journal=null}, retryWrites=true, retryReads=true, readConcern=ReadConcern{level=null}, credential=MongoCredential{mechanism=null, userName='Abis', source='admin', password=<hidden>, mechanismProperties=<hidden>}, transportSettings=null, commandListeners=[], codecRegistry=ProvidersCodecRegistry{codecProviders=[ValueCodecProvider{}, BsonValueCodecProvider{}, DBRefCodecProvider{}, DBObjectCodecProvider{}, DocumentCodecProvider{}, CollectionCodecProvider{}, IterableCodecProvider{}, MapCodecProvider{}, GeoJsonCodecProvider{}, GridFSFileCodecProvider{}, Jsr310CodecProvider{}, JsonObjectCodecProvider{}, BsonCodecProvider{}, EnumCodecProvider{}, com.mongodb.client.model.mql.ExpressionCodecProvider@2c3158e0, com.mongodb.Jep395RecordCodecProvider@412ebe64, com.mongodb.KotlinCodecProvider@6f731759]}, loggerSettings=LoggerSettings{maxDocumentLength=1000}, clusterSettings={hosts=[127.0.0.1:27017], srvHost=cluster01.zkmiitb.mongodb.net, srvServiceName=mongodb, mode=MULTIPLE, requiredClusterType=REPLICA_SET, requiredReplicaSetName='atlas-2xohld-shard-0', serverSelector='null', clusterListeners='[]', serverSelectionTimeout='30000 ms', localThreshold='15 ms'}, socketSettings=SocketSettings{connectTimeoutMS=10000, readTimeoutMS=0, receiveBufferSize=0, proxySettings=ProxySettings{host=null, port=null, username=null, password=null}}, heartbeatSocketSettings=SocketSettings{connectTimeoutMS=10000, readTimeoutMS=10000, receiveBufferSize=0, proxySettings=ProxySettings{host=null, port=null, username=null, password=null}}, connectionPoolSettings=ConnectionPoolSettings{maxSize=100, minSize=0, maxWaitTimeMS=120000, maxConnectionLifeTimeMS=0, maxConnectionIdleTimeMS=0, maintenanceInitialDelayMS=0, maintenanceFrequencyMS=60000, connectionPoolListeners=[], maxConnecting=2}, serverSettings=ServerSettings{heartbeatFrequencyMS=10000, minHeartbeatFrequencyMS=500, serverMonitoringMode=AUTO, serverListeners='[]', serverMonitorListeners='[]'}, sslSettings=SslSettings{enabled=true, invalidHostNameAllowed=false, context=null}, applicationName='Cluster01', compressorList=[], uuidRepresentation=JAVA_LEGACY, serverApi=null, autoEncryptionSettings=null, dnsClient=null, inetAddressResolver=null, contextProvider=null, timeoutMS=null}
2025-06-29T20:46:56.129+05:30  INFO 9628 --- [Joblisting] [cluster-ClusterId{value='686158e79b59ae4a0535eb40', description='Cluster01'}-srv-cluster01.zkmiitb.mongodb.net] org.mongodb.driver.cluster               : Adding discovered server ac-popw47z-shard-00-02.zkmiitb.mongodb.net:27017 to client view of cluster
2025-06-29T20:46:56.254+05:30  INFO 9628 --- [Joblisting] [cluster-ClusterId{value='686158e79b59ae4a0535eb40', description='Cluster01'}-srv-cluster01.zkmiitb.mongodb.net] org.mongodb.driver.cluster               : Adding discovered server ac-popw47z-shard-00-00.zkmiitb.mongodb.net:27017 to client view of cluster
2025-06-29T20:46:56.270+05:30  INFO 9628 --- [Joblisting] [cluster-ClusterId{value='686158e79b59ae4a0535eb40', description='Cluster01'}-srv-cluster01.zkmiitb.mongodb.net] org.mongodb.driver.cluster               : Adding discovered server ac-popw47z-shard-00-01.zkmiitb.mongodb.net:27017 to client view of cluster
2025-06-29T20:46:57.726+05:30  INFO 9628 --- [Joblisting] [cluster-ClusterId{value='686158e79b59ae4a0535eb40', description='Cluster01'}-ac-popw47z-shard-00-01.zkmiitb.mongodb.net:27017] org.mongodb.driver.cluster               : Monitor thread successfully connected to server with description ServerDescription{address=ac-popw47z-shard-00-01.zkmiitb.mongodb.net:27017, type=REPLICA_SET_PRIMARY, cryptd=false, state=CONNECTED, ok=true, minWireVersion=0, maxWireVersion=25, maxDocumentSize=16777216, logicalSessionTimeoutMinutes=30, roundTripTimeNanos=635969800, minRoundTripTimeNanos=0, setName='atlas-2xohld-shard-0', canonicalAddress=ac-popw47z-shard-00-01.zkmiitb.mongodb.net:27017, hosts=[ac-popw47z-shard-00-00.zkmiitb.mongodb.net:27017, ac-popw47z-shard-00-01.zkmiitb.mongodb.net:27017, ac-popw47z-shard-00-02.zkmiitb.mongodb.net:27017], passives=[], arbiters=[], primary='ac-popw47z-shard-00-01.zkmiitb.mongodb.net:27017', tagSet=TagSet{[Tag{name='availabilityZone', value='asia-southeast1-b'}, Tag{name='diskState', value='READY'}, Tag{name='nodeType', value='ELECTABLE'}, Tag{name='provider', value='GCP'}, Tag{name='region', value='SOUTHEASTERN_ASIA_PACIFIC'}, Tag{name='workloadType', value='OPERATIONAL'}]}, electionId=7fffffff0000000000000238, setVersion=172, topologyVersion=TopologyVersion{processId=6852c017adb86dad93d030aa, counter=6}, lastWriteDate=Sun Jun 29 20:46:57 IST 2025, lastUpdateTimeNanos=10328903913900}
2025-06-29T20:46:57.729+05:30  INFO 9628 --- [Joblisting] [cluster-ClusterId{value='686158e79b59ae4a0535eb40', description='Cluster01'}-ac-popw47z-shard-00-02.zkmiitb.mongodb.net:27017] org.mongodb.driver.cluster               : Monitor thread successfully connected to server with description ServerDescription{address=ac-popw47z-shard-00-02.zkmiitb.mongodb.net:27017, type=REPLICA_SET_SECONDARY, cryptd=false, state=CONNECTED, ok=true, minWireVersion=0, maxWireVersion=25, maxDocumentSize=16777216, logicalSessionTimeoutMinutes=30, roundTripTimeNanos=635264800, minRoundTripTimeNanos=0, setName='atlas-2xohld-shard-0', canonicalAddress=ac-popw47z-shard-00-02.zkmiitb.mongodb.net:27017, hosts=[ac-popw47z-shard-00-00.zkmiitb.mongodb.net:27017, ac-popw47z-shard-00-01.zkmiitb.mongodb.net:27017, ac-popw47z-shard-00-02.zkmiitb.mongodb.net:27017], passives=[], arbiters=[], primary='ac-popw47z-shard-00-01.zkmiitb.mongodb.net:27017', tagSet=TagSet{[Tag{name='availabilityZone', value='asia-southeast1-c'}, Tag{name='diskState', value='READY'}, Tag{name='nodeType', value='ELECTABLE'}, Tag{name='provider', value='GCP'}, Tag{name='region', value='SOUTHEASTERN_ASIA_PACIFIC'}, Tag{name='workloadType', value='OPERATIONAL'}]}, electionId=null, setVersion=172, topologyVersion=TopologyVersion{processId=6852c273bf5de2fb44bb4eb4, counter=3}, lastWriteDate=Sun Jun 29 20:46:57 GMT+05:30 2025, lastUpdateTimeNanos=10328903913900}
2025-06-29T20:46:57.730+05:30  INFO 9628 --- [Joblisting] [cluster-ClusterId{value='686158e79b59ae4a0535eb40', description='Cluster01'}-ac-popw47z-shard-00-00.zkmiitb.mongodb.net:27017] org.mongodb.driver.cluster               : Monitor thread successfully connected to server with description ServerDescription{address=ac-popw47z-shard-00-00.zkmiitb.mongodb.net:27017, type=REPLICA_SET_SECONDARY, cryptd=false, state=CONNECTED, ok=true, minWireVersion=0, maxWireVersion=25, maxDocumentSize=16777216, logicalSessionTimeoutMinutes=30, roundTripTimeNanos=645835900, minRoundTripTimeNanos=0, setName='atlas-2xohld-shard-0', canonicalAddress=ac-popw47z-shard-00-00.zkmiitb.mongodb.net:27017, hosts=[ac-popw47z-shard-00-00.zkmiitb.mongodb.net:27017, ac-popw47z-shard-00-01.zkmiitb.mongodb.net:27017, ac-popw47z-shard-00-02.zkmiitb.mongodb.net:27017], passives=[], arbiters=[], primary='ac-popw47z-shard-00-01.zkmiitb.mongodb.net:27017', tagSet=TagSet{[Tag{name='availabilityZone', value='asia-southeast1-a'}, Tag{name='diskState', value='READY'}, Tag{name='nodeType', value='ELECTABLE'}, Tag{name='provider', value='GCP'}, Tag{name='region', value='SOUTHEASTERN_ASIA_PACIFIC'}, Tag{name='workloadType', value='OPERATIONAL'}]}, electionId=null, setVersion=172, topologyVersion=TopologyVersion{processId=6852bc5bc510b849c8304232, counter=4}, lastWriteDate=Sun Jun 29 20:46:57 GMT+05:30 2025, lastUpdateTimeNanos=10328907756600}
2025-06-29T20:46:57.741+05:30  INFO 9628 --- [Joblisting] [cluster-ClusterId{value='686158e79b59ae4a0535eb40', description='Cluster01'}-ac-popw47z-shard-00-01.zkmiitb.mongodb.net:27017] org.mongodb.driver.cluster               : Discovered replica set primary ac-popw47z-shard-00-01.zkmiitb.mongodb.net:27017 with max election id 7fffffff0000000000000238 and max set version 172
2025-06-29T20:46:59.061+05:30  INFO 9628 --- [Joblisting] [main] o.s.b.w.embedded.tomcat.TomcatWebServer  : Tomcat started on port 8080 (http) with context path '/'
2025-06-29T20:46:59.119+05:30  INFO 9628 --- [Joblisting] [main] com.abis.project.JoblistingApplication   : Started JoblistingApplication in 10.032 seconds (process running for 12.921)
2025-06-29T20:47:12.819+05:30  INFO 9628 --- [Joblisting] [http-nio-8080-exec-1] o.a.c.c.C.[Tomcat].[localhost].[/]       : Initializing Spring DispatcherServlet 'dispatcherServlet'
2025-06-29T20:47:12.821+05:30  INFO 9628 --- [Joblisting] [http-nio-8080-exec-1] o.s.web.servlet.DispatcherServlet        : Initializing Servlet 'dispatcherServlet'
2025-06-29T20:47:12.829+05:30  INFO 9628 --- [Joblisting] [http-nio-8080-exec-1] o.s.web.servlet.DispatcherServlet        : Completed initialization in 6 ms
2025-06-29T20:47:13.045+05:30  INFO 9628 --- [Joblisting] [http-nio-8080-exec-1] com.abis.project.aspect.LogginAspect     : getAllPost Method Called!
2025-06-29T20:47:14.384+05:30  INFO 9628 --- [Joblisting] [http-nio-8080-exec-1] com.abis.project.aspect.LogginAspect     : getAllPost Method Executed Successfully!
2025-06-29T20:47:14.385+05:30  INFO 9628 --- [Joblisting] [http-nio-8080-exec-1] com.abis.project.aspect.LogginAspect     : getAllPost Method Executed Successfully!
2025-06-29T20:47:59.522+05:30  INFO 9628 --- [Joblisting] [RMI TCP Connection(4)-127.0.0.1] inMXBeanRegistrar$SpringApplicationAdmin : Application shutdown requested.
2025-06-29T20:47:59.529+05:30  INFO 9628 --- [Joblisting] [RMI TCP Connection(4)-127.0.0.1] o.s.b.w.e.tomcat.GracefulShutdown        : Commencing graceful shutdown. Waiting for active requests to complete
2025-06-29T20:47:59.602+05:30  INFO 9628 --- [Joblisting] [tomcat-shutdown] o.s.b.w.e.tomcat.GracefulShutdown        : Graceful shutdown complete
2025-06-29T20:48:05.715+05:30  INFO 10816 --- [Joblisting] [main] com.abis.project.JoblistingApplication   : Starting JoblistingApplication using Java 17.0.15 with PID 10816 (C:\Users\Abh!shek\Desktop\Joblisting\target\classes started by Abhishek in C:\Users\Abh!shek\Desktop\Joblisting)
2025-06-29T20:48:05.723+05:30  INFO 10816 --- [Joblisting] [main] com.abis.project.JoblistingApplication   : No active profile set, falling back to 1 default profile: "default"
2025-06-29T20:48:08.407+05:30  INFO 10816 --- [Joblisting] [main] .s.d.r.c.RepositoryConfigurationDelegate : Bootstrapping Spring Data MongoDB repositories in DEFAULT mode.
2025-06-29T20:48:08.583+05:30  INFO 10816 --- [Joblisting] [main] .s.d.r.c.RepositoryConfigurationDelegate : Finished Spring Data repository scanning in 151 ms. Found 1 MongoDB repository interface.
2025-06-29T20:48:10.161+05:30  INFO 10816 --- [Joblisting] [main] o.s.b.w.embedded.tomcat.TomcatWebServer  : Tomcat initialized with port 8080 (http)
2025-06-29T20:48:10.202+05:30  INFO 10816 --- [Joblisting] [main] o.apache.catalina.core.StandardService   : Starting service [Tomcat]
2025-06-29T20:48:10.203+05:30  INFO 10816 --- [Joblisting] [main] o.apache.catalina.core.StandardEngine    : Starting Servlet engine: [Apache Tomcat/10.1.42]
2025-06-29T20:48:10.372+05:30  INFO 10816 --- [Joblisting] [main] o.a.c.c.C.[Tomcat].[localhost].[/]       : Initializing Spring embedded WebApplicationContext
2025-06-29T20:48:10.374+05:30  INFO 10816 --- [Joblisting] [main] w.s.c.ServletWebServerApplicationContext : Root WebApplicationContext: initialization completed in 4487 ms
2025-06-29T20:48:11.087+05:30  INFO 10816 --- [Joblisting] [main] org.mongodb.driver.client                : MongoClient with metadata {"application": {"name": "Cluster01"}, "driver": {"name": "mongo-java-driver|sync|spring-boot", "version": "5.5.1"}, "os": {"type": "Windows", "name": "Windows 10", "architecture": "amd64", "version": "10.0"}, "platform": "Java/Eclipse Adoptium/17.0.15+6"} created with settings MongoClientSettings{readPreference=primary, writeConcern=WriteConcern{w=majority, wTimeout=null ms, journal=null}, retryWrites=true, retryReads=true, readConcern=ReadConcern{level=null}, credential=MongoCredential{mechanism=null, userName='Abis', source='admin', password=<hidden>, mechanismProperties=<hidden>}, transportSettings=null, commandListeners=[], codecRegistry=ProvidersCodecRegistry{codecProviders=[ValueCodecProvider{}, BsonValueCodecProvider{}, DBRefCodecProvider{}, DBObjectCodecProvider{}, DocumentCodecProvider{}, CollectionCodecProvider{}, IterableCodecProvider{}, MapCodecProvider{}, GeoJsonCodecProvider{}, GridFSFileCodecProvider{}, Jsr310CodecProvider{}, JsonObjectCodecProvider{}, BsonCodecProvider{}, EnumCodecProvider{}, com.mongodb.client.model.mql.ExpressionCodecProvider@29f3c438, com.mongodb.Jep395RecordCodecProvider@5460edd3, com.mongodb.KotlinCodecProvider@5dbbb292]}, loggerSettings=LoggerSettings{maxDocumentLength=1000}, clusterSettings={hosts=[127.0.0.1:27017], srvHost=cluster01.zkmiitb.mongodb.net, srvServiceName=mongodb, mode=MULTIPLE, requiredClusterType=REPLICA_SET, requiredReplicaSetName='atlas-2xohld-shard-0', serverSelector='null', clusterListeners='[]', serverSelectionTimeout='30000 ms', localThreshold='15 ms'}, socketSettings=SocketSettings{connectTimeoutMS=10000, readTimeoutMS=0, receiveBufferSize=0, proxySettings=ProxySettings{host=null, port=null, username=null, password=null}}, heartbeatSocketSettings=SocketSettings{connectTimeoutMS=10000, readTimeoutMS=10000, receiveBufferSize=0, proxySettings=ProxySettings{host=null, port=null, username=null, password=null}}, connectionPoolSettings=ConnectionPoolSettings{maxSize=100, minSize=0, maxWaitTimeMS=120000, maxConnectionLifeTimeMS=0, maxConnectionIdleTimeMS=0, maintenanceInitialDelayMS=0, maintenanceFrequencyMS=60000, connectionPoolListeners=[], maxConnecting=2}, serverSettings=ServerSettings{heartbeatFrequencyMS=10000, minHeartbeatFrequencyMS=500, serverMonitoringMode=AUTO, serverListeners='[]', serverMonitorListeners='[]'}, sslSettings=SslSettings{enabled=true, invalidHostNameAllowed=false, context=null}, applicationName='Cluster01', compressorList=[], uuidRepresentation=JAVA_LEGACY, serverApi=null, autoEncryptionSettings=null, dnsClient=null, inetAddressResolver=null, contextProvider=null, timeoutMS=null}
2025-06-29T20:48:11.129+05:30  INFO 10816 --- [Joblisting] [cluster-ClusterId{value='68615932ad09a066f7c3d7ff', description='Cluster01'}-srv-cluster01.zkmiitb.mongodb.net] org.mongodb.driver.cluster               : Adding discovered server ac-popw47z-shard-00-02.zkmiitb.mongodb.net:27017 to client view of cluster
2025-06-29T20:48:11.270+05:30  INFO 10816 --- [Joblisting] [cluster-ClusterId{value='68615932ad09a066f7c3d7ff', description='Cluster01'}-srv-cluster01.zkmiitb.mongodb.net] org.mongodb.driver.cluster               : Adding discovered server ac-popw47z-shard-00-00.zkmiitb.mongodb.net:27017 to client view of cluster
2025-06-29T20:48:11.289+05:30  INFO 10816 --- [Joblisting] [cluster-ClusterId{value='68615932ad09a066f7c3d7ff', description='Cluster01'}-srv-cluster01.zkmiitb.mongodb.net] org.mongodb.driver.cluster               : Adding discovered server ac-popw47z-shard-00-01.zkmiitb.mongodb.net:27017 to client view of cluster
2025-06-29T20:48:12.645+05:30  INFO 10816 --- [Joblisting] [cluster-ClusterId{value='68615932ad09a066f7c3d7ff', description='Cluster01'}-ac-popw47z-shard-00-01.zkmiitb.mongodb.net:27017] org.mongodb.driver.cluster               : Monitor thread successfully connected to server with description ServerDescription{address=ac-popw47z-shard-00-01.zkmiitb.mongodb.net:27017, type=REPLICA_SET_PRIMARY, cryptd=false, state=CONNECTED, ok=true, minWireVersion=0, maxWireVersion=25, maxDocumentSize=16777216, logicalSessionTimeoutMinutes=30, roundTripTimeNanos=653490400, minRoundTripTimeNanos=0, setName='atlas-2xohld-shard-0', canonicalAddress=ac-popw47z-shard-00-01.zkmiitb.mongodb.net:27017, hosts=[ac-popw47z-shard-00-00.zkmiitb.mongodb.net:27017, ac-popw47z-shard-00-01.zkmiitb.mongodb.net:27017, ac-popw47z-shard-00-02.zkmiitb.mongodb.net:27017], passives=[], arbiters=[], primary='ac-popw47z-shard-00-01.zkmiitb.mongodb.net:27017', tagSet=TagSet{[Tag{name='availabilityZone', value='asia-southeast1-b'}, Tag{name='diskState', value='READY'}, Tag{name='nodeType', value='ELECTABLE'}, Tag{name='provider', value='GCP'}, Tag{name='region', value='SOUTHEASTERN_ASIA_PACIFIC'}, Tag{name='workloadType', value='OPERATIONAL'}]}, electionId=7fffffff0000000000000238, setVersion=172, topologyVersion=TopologyVersion{processId=6852c017adb86dad93d030aa, counter=6}, lastWriteDate=Sun Jun 29 20:48:12 IST 2025, lastUpdateTimeNanos=10403824464200}
2025-06-29T20:48:12.647+05:30  INFO 10816 --- [Joblisting] [cluster-ClusterId{value='68615932ad09a066f7c3d7ff', description='Cluster01'}-ac-popw47z-shard-00-02.zkmiitb.mongodb.net:27017] org.mongodb.driver.cluster               : Monitor thread successfully connected to server with description ServerDescription{address=ac-popw47z-shard-00-02.zkmiitb.mongodb.net:27017, type=REPLICA_SET_SECONDARY, cryptd=false, state=CONNECTED, ok=true, minWireVersion=0, maxWireVersion=25, maxDocumentSize=16777216, logicalSessionTimeoutMinutes=30, roundTripTimeNanos=662836100, minRoundTripTimeNanos=0, setName='atlas-2xohld-shard-0', canonicalAddress=ac-popw47z-shard-00-02.zkmiitb.mongodb.net:27017, hosts=[ac-popw47z-shard-00-00.zkmiitb.mongodb.net:27017, ac-popw47z-shard-00-01.zkmiitb.mongodb.net:27017, ac-popw47z-shard-00-02.zkmiitb.mongodb.net:27017], passives=[], arbiters=[], primary='ac-popw47z-shard-00-01.zkmiitb.mongodb.net:27017', tagSet=TagSet{[Tag{name='availabilityZone', value='asia-southeast1-c'}, Tag{name='diskState', value='READY'}, Tag{name='nodeType', value='ELECTABLE'}, Tag{name='provider', value='GCP'}, Tag{name='region', value='SOUTHEASTERN_ASIA_PACIFIC'}, Tag{name='workloadType', value='OPERATIONAL'}]}, electionId=null, setVersion=172, topologyVersion=TopologyVersion{processId=6852c273bf5de2fb44bb4eb4, counter=3}, lastWriteDate=Sun Jun 29 20:48:12 IST 2025, lastUpdateTimeNanos=10403824464200}
2025-06-29T20:48:12.645+05:30  INFO 10816 --- [Joblisting] [cluster-ClusterId{value='68615932ad09a066f7c3d7ff', description='Cluster01'}-ac-popw47z-shard-00-00.zkmiitb.mongodb.net:27017] org.mongodb.driver.cluster               : Monitor thread successfully connected to server with description ServerDescription{address=ac-popw47z-shard-00-00.zkmiitb.mongodb.net:27017, type=REPLICA_SET_SECONDARY, cryptd=false, state=CONNECTED, ok=true, minWireVersion=0, maxWireVersion=25, maxDocumentSize=16777216, logicalSessionTimeoutMinutes=30, roundTripTimeNanos=665095100, minRoundTripTimeNanos=0, setName='atlas-2xohld-shard-0', canonicalAddress=ac-popw47z-shard-00-00.zkmiitb.mongodb.net:27017, hosts=[ac-popw47z-shard-00-00.zkmiitb.mongodb.net:27017, ac-popw47z-shard-00-01.zkmiitb.mongodb.net:27017, ac-popw47z-shard-00-02.zkmiitb.mongodb.net:27017], passives=[], arbiters=[], primary='ac-popw47z-shard-00-01.zkmiitb.mongodb.net:27017', tagSet=TagSet{[Tag{name='availabilityZone', value='asia-southeast1-a'}, Tag{name='diskState', value='READY'}, Tag{name='nodeType', value='ELECTABLE'}, Tag{name='provider', value='GCP'}, Tag{name='region', value='SOUTHEASTERN_ASIA_PACIFIC'}, Tag{name='workloadType', value='OPERATIONAL'}]}, electionId=null, setVersion=172, topologyVersion=TopologyVersion{processId=6852bc5bc510b849c8304232, counter=4}, lastWriteDate=Sun Jun 29 20:48:12 IST 2025, lastUpdateTimeNanos=10403824464200}
2025-06-29T20:48:12.658+05:30  INFO 10816 --- [Joblisting] [cluster-ClusterId{value='68615932ad09a066f7c3d7ff', description='Cluster01'}-ac-popw47z-shard-00-01.zkmiitb.mongodb.net:27017] org.mongodb.driver.cluster               : Discovered replica set primary ac-popw47z-shard-00-01.zkmiitb.mongodb.net:27017 with max election id 7fffffff0000000000000238 and max set version 172
2025-06-29T20:48:13.890+05:30  INFO 10816 --- [Joblisting] [main] o.s.b.w.embedded.tomcat.TomcatWebServer  : Tomcat started on port 8080 (http) with context path '/'
2025-06-29T20:48:13.922+05:30  INFO 10816 --- [Joblisting] [main] com.abis.project.JoblistingApplication   : Started JoblistingApplication in 9.764 seconds (process running for 11.688)
2025-06-29T20:48:18.467+05:30  INFO 10816 --- [Joblisting] [http-nio-8080-exec-1] o.a.c.c.C.[Tomcat].[localhost].[/]       : Initializing Spring DispatcherServlet 'dispatcherServlet'
2025-06-29T20:48:18.471+05:30  INFO 10816 --- [Joblisting] [http-nio-8080-exec-1] o.s.web.servlet.DispatcherServlet        : Initializing Servlet 'dispatcherServlet'
2025-06-29T20:48:18.476+05:30  INFO 10816 --- [Joblisting] [http-nio-8080-exec-1] o.s.web.servlet.DispatcherServlet        : Completed initialization in 3 ms
2025-06-29T20:48:18.663+05:30  INFO 10816 --- [Joblisting] [http-nio-8080-exec-1] com.abis.project.aspect.LogginAspect     : getAllPost Method Called!
2025-06-29T20:48:19.835+05:30  INFO 10816 --- [Joblisting] [http-nio-8080-exec-1] com.abis.project.aspect.LogginAspect     : getAllPost Method Executed Successfully!
2025-06-29T20:48:19.837+05:30  INFO 10816 --- [Joblisting] [http-nio-8080-exec-1] com.abis.project.aspect.LogginAspect     : call definatly!
2025-06-29T20:48:55.755+05:30  INFO 10816 --- [Joblisting] [RMI TCP Connection(3)-127.0.0.1] inMXBeanRegistrar$SpringApplicationAdmin : Application shutdown requested.
2025-06-29T20:48:55.770+05:30  INFO 10816 --- [Joblisting] [RMI TCP Connection(3)-127.0.0.1] o.s.b.w.e.tomcat.GracefulShutdown        : Commencing graceful shutdown. Waiting for active requests to complete
2025-06-29T20:48:56.093+05:30  INFO 10816 --- [Joblisting] [tomcat-shutdown] o.s.b.w.e.tomcat.GracefulShutdown        : Graceful shutdown complete
2025-06-29T20:49:01.963+05:30  INFO 10632 --- [Joblisting] [main] com.abis.project.JoblistingApplication   : Starting JoblistingApplication using Java 17.0.15 with PID 10632 (C:\Users\Abh!shek\Desktop\Joblisting\target\classes started by Abhishek in C:\Users\Abh!shek\Desktop\Joblisting)
2025-06-29T20:49:01.972+05:30  INFO 10632 --- [Joblisting] [main] com.abis.project.JoblistingApplication   : No active profile set, falling back to 1 default profile: "default"
2025-06-29T20:49:04.542+05:30  INFO 10632 --- [Joblisting] [main] .s.d.r.c.RepositoryConfigurationDelegate : Bootstrapping Spring Data MongoDB repositories in DEFAULT mode.
2025-06-29T20:49:04.744+05:30  INFO 10632 --- [Joblisting] [main] .s.d.r.c.RepositoryConfigurationDelegate : Finished Spring Data repository scanning in 181 ms. Found 1 MongoDB repository interface.
2025-06-29T20:49:06.242+05:30  INFO 10632 --- [Joblisting] [main] o.s.b.w.embedded.tomcat.TomcatWebServer  : Tomcat initialized with port 8080 (http)
2025-06-29T20:49:06.284+05:30  INFO 10632 --- [Joblisting] [main] o.apache.catalina.core.StandardService   : Starting service [Tomcat]
2025-06-29T20:49:06.285+05:30  INFO 10632 --- [Joblisting] [main] o.apache.catalina.core.StandardEngine    : Starting Servlet engine: [Apache Tomcat/10.1.42]
2025-06-29T20:49:06.468+05:30  INFO 10632 --- [Joblisting] [main] o.a.c.c.C.[Tomcat].[localhost].[/]       : Initializing Spring embedded WebApplicationContext
2025-06-29T20:49:06.471+05:30  INFO 10632 --- [Joblisting] [main] w.s.c.ServletWebServerApplicationContext : Root WebApplicationContext: initialization completed in 4354 ms
2025-06-29T20:49:07.330+05:30  INFO 10632 --- [Joblisting] [cluster-ClusterId{value='6861596b69e9b706ef181fc9', description='Cluster01'}-srv-cluster01.zkmiitb.mongodb.net] org.mongodb.driver.cluster               : Adding discovered server ac-popw47z-shard-00-02.zkmiitb.mongodb.net:27017 to client view of cluster
2025-06-29T20:49:07.436+05:30  INFO 10632 --- [Joblisting] [main] org.mongodb.driver.client                : MongoClient with metadata {"application": {"name": "Cluster01"}, "driver": {"name": "mongo-java-driver|sync|spring-boot", "version": "5.5.1"}, "os": {"type": "Windows", "name": "Windows 10", "architecture": "amd64", "version": "10.0"}, "platform": "Java/Eclipse Adoptium/17.0.15+6"} created with settings MongoClientSettings{readPreference=primary, writeConcern=WriteConcern{w=majority, wTimeout=null ms, journal=null}, retryWrites=true, retryReads=true, readConcern=ReadConcern{level=null}, credential=MongoCredential{mechanism=null, userName='Abis', source='admin', password=<hidden>, mechanismProperties=<hidden>}, transportSettings=null, commandListeners=[], codecRegistry=ProvidersCodecRegistry{codecProviders=[ValueCodecProvider{}, BsonValueCodecProvider{}, DBRefCodecProvider{}, DBObjectCodecProvider{}, DocumentCodecProvider{}, CollectionCodecProvider{}, IterableCodecProvider{}, MapCodecProvider{}, GeoJsonCodecProvider{}, GridFSFileCodecProvider{}, Jsr310CodecProvider{}, JsonObjectCodecProvider{}, BsonCodecProvider{}, EnumCodecProvider{}, com.mongodb.client.model.mql.ExpressionCodecProvider@3d3a1903, com.mongodb.Jep395RecordCodecProvider@26582ca, com.mongodb.KotlinCodecProvider@153cb763]}, loggerSettings=LoggerSettings{maxDocumentLength=1000}, clusterSettings={hosts=[127.0.0.1:27017], srvHost=cluster01.zkmiitb.mongodb.net, srvServiceName=mongodb, mode=MULTIPLE, requiredClusterType=REPLICA_SET, requiredReplicaSetName='atlas-2xohld-shard-0', serverSelector='null', clusterListeners='[]', serverSelectionTimeout='30000 ms', localThreshold='15 ms'}, socketSettings=SocketSettings{connectTimeoutMS=10000, readTimeoutMS=0, receiveBufferSize=0, proxySettings=ProxySettings{host=null, port=null, username=null, password=null}}, heartbeatSocketSettings=SocketSettings{connectTimeoutMS=10000, readTimeoutMS=10000, receiveBufferSize=0, proxySettings=ProxySettings{host=null, port=null, username=null, password=null}}, connectionPoolSettings=ConnectionPoolSettings{maxSize=100, minSize=0, maxWaitTimeMS=120000, maxConnectionLifeTimeMS=0, maxConnectionIdleTimeMS=0, maintenanceInitialDelayMS=0, maintenanceFrequencyMS=60000, connectionPoolListeners=[], maxConnecting=2}, serverSettings=ServerSettings{heartbeatFrequencyMS=10000, minHeartbeatFrequencyMS=500, serverMonitoringMode=AUTO, serverListeners='[]', serverMonitorListeners='[]'}, sslSettings=SslSettings{enabled=true, invalidHostNameAllowed=false, context=null}, applicationName='Cluster01', compressorList=[], uuidRepresentation=JAVA_LEGACY, serverApi=null, autoEncryptionSettings=null, dnsClient=null, inetAddressResolver=null, contextProvider=null, timeoutMS=null}
2025-06-29T20:49:07.468+05:30  INFO 10632 --- [Joblisting] [cluster-ClusterId{value='6861596b69e9b706ef181fc9', description='Cluster01'}-srv-cluster01.zkmiitb.mongodb.net] org.mongodb.driver.cluster               : Adding discovered server ac-popw47z-shard-00-00.zkmiitb.mongodb.net:27017 to client view of cluster
2025-06-29T20:49:07.534+05:30  INFO 10632 --- [Joblisting] [cluster-ClusterId{value='6861596b69e9b706ef181fc9', description='Cluster01'}-srv-cluster01.zkmiitb.mongodb.net] org.mongodb.driver.cluster               : Adding discovered server ac-popw47z-shard-00-01.zkmiitb.mongodb.net:27017 to client view of cluster
2025-06-29T20:49:08.844+05:30  INFO 10632 --- [Joblisting] [cluster-ClusterId{value='6861596b69e9b706ef181fc9', description='Cluster01'}-ac-popw47z-shard-00-02.zkmiitb.mongodb.net:27017] org.mongodb.driver.cluster               : Monitor thread successfully connected to server with description ServerDescription{address=ac-popw47z-shard-00-02.zkmiitb.mongodb.net:27017, type=REPLICA_SET_SECONDARY, cryptd=false, state=CONNECTED, ok=true, minWireVersion=0, maxWireVersion=25, maxDocumentSize=16777216, logicalSessionTimeoutMinutes=30, roundTripTimeNanos=657690600, minRoundTripTimeNanos=0, setName='atlas-2xohld-shard-0', canonicalAddress=ac-popw47z-shard-00-02.zkmiitb.mongodb.net:27017, hosts=[ac-popw47z-shard-00-00.zkmiitb.mongodb.net:27017, ac-popw47z-shard-00-01.zkmiitb.mongodb.net:27017, ac-popw47z-shard-00-02.zkmiitb.mongodb.net:27017], passives=[], arbiters=[], primary='ac-popw47z-shard-00-01.zkmiitb.mongodb.net:27017', tagSet=TagSet{[Tag{name='availabilityZone', value='asia-southeast1-c'}, Tag{name='diskState', value='READY'}, Tag{name='nodeType', value='ELECTABLE'}, Tag{name='provider', value='GCP'}, Tag{name='region', value='SOUTHEASTERN_ASIA_PACIFIC'}, Tag{name='workloadType', value='OPERATIONAL'}]}, electionId=null, setVersion=172, topologyVersion=TopologyVersion{processId=6852c273bf5de2fb44bb4eb4, counter=3}, lastWriteDate=Sun Jun 29 20:49:08 IST 2025, lastUpdateTimeNanos=10460024768300}
2025-06-29T20:49:08.844+05:30  INFO 10632 --- [Joblisting] [cluster-ClusterId{value='6861596b69e9b706ef181fc9', description='Cluster01'}-ac-popw47z-shard-00-00.zkmiitb.mongodb.net:27017] org.mongodb.driver.cluster               : Monitor thread successfully connected to server with description ServerDescription{address=ac-popw47z-shard-00-00.zkmiitb.mongodb.net:27017, type=REPLICA_SET_SECONDARY, cryptd=false, state=CONNECTED, ok=true, minWireVersion=0, maxWireVersion=25, maxDocumentSize=16777216, logicalSessionTimeoutMinutes=30, roundTripTimeNanos=650136300, minRoundTripTimeNanos=0, setName='atlas-2xohld-shard-0', canonicalAddress=ac-popw47z-shard-00-00.zkmiitb.mongodb.net:27017, hosts=[ac-popw47z-shard-00-00.zkmiitb.mongodb.net:27017, ac-popw47z-shard-00-01.zkmiitb.mongodb.net:27017, ac-popw47z-shard-00-02.zkmiitb.mongodb.net:27017], passives=[], arbiters=[], primary='ac-popw47z-shard-00-01.zkmiitb.mongodb.net:27017', tagSet=TagSet{[Tag{name='availabilityZone', value='asia-southeast1-a'}, Tag{name='diskState', value='READY'}, Tag{name='nodeType', value='ELECTABLE'}, Tag{name='provider', value='GCP'}, Tag{name='region', value='SOUTHEASTERN_ASIA_PACIFIC'}, Tag{name='workloadType', value='OPERATIONAL'}]}, electionId=null, setVersion=172, topologyVersion=TopologyVersion{processId=6852bc5bc510b849c8304232, counter=4}, lastWriteDate=Sun Jun 29 20:49:08 IST 2025, lastUpdateTimeNanos=10460024616100}
2025-06-29T20:49:08.845+05:30  INFO 10632 --- [Joblisting] [cluster-ClusterId{value='6861596b69e9b706ef181fc9', description='Cluster01'}-ac-popw47z-shard-00-01.zkmiitb.mongodb.net:27017] org.mongodb.driver.cluster               : Monitor thread successfully connected to server with description ServerDescription{address=ac-popw47z-shard-00-01.zkmiitb.mongodb.net:27017, type=REPLICA_SET_PRIMARY, cryptd=false, state=CONNECTED, ok=true, minWireVersion=0, maxWireVersion=25, maxDocumentSize=16777216, logicalSessionTimeoutMinutes=30, roundTripTimeNanos=657797600, minRoundTripTimeNanos=0, setName='atlas-2xohld-shard-0', canonicalAddress=ac-popw47z-shard-00-01.zkmiitb.mongodb.net:27017, hosts=[ac-popw47z-shard-00-00.zkmiitb.mongodb.net:27017, ac-popw47z-shard-00-01.zkmiitb.mongodb.net:27017, ac-popw47z-shard-00-02.zkmiitb.mongodb.net:27017], passives=[], arbiters=[], primary='ac-popw47z-shard-00-01.zkmiitb.mongodb.net:27017', tagSet=TagSet{[Tag{name='availabilityZone', value='asia-southeast1-b'}, Tag{name='diskState', value='READY'}, Tag{name='nodeType', value='ELECTABLE'}, Tag{name='provider', value='GCP'}, Tag{name='region', value='SOUTHEASTERN_ASIA_PACIFIC'}, Tag{name='workloadType', value='OPERATIONAL'}]}, electionId=7fffffff0000000000000238, setVersion=172, topologyVersion=TopologyVersion{processId=6852c017adb86dad93d030aa, counter=6}, lastWriteDate=Sun Jun 29 20:49:08 IST 2025, lastUpdateTimeNanos=10460024821400}
2025-06-29T20:49:08.862+05:30  INFO 10632 --- [Joblisting] [cluster-ClusterId{value='6861596b69e9b706ef181fc9', description='Cluster01'}-ac-popw47z-shard-00-01.zkmiitb.mongodb.net:27017] org.mongodb.driver.cluster               : Discovered replica set primary ac-popw47z-shard-00-01.zkmiitb.mongodb.net:27017 with max election id 7fffffff0000000000000238 and max set version 172
2025-06-29T20:49:10.604+05:30  INFO 10632 --- [Joblisting] [main] o.s.b.w.embedded.tomcat.TomcatWebServer  : Tomcat started on port 8080 (http) with context path '/'
2025-06-29T20:49:10.635+05:30  INFO 10632 --- [Joblisting] [main] com.abis.project.JoblistingApplication   : Started JoblistingApplication in 10.083 seconds (process running for 11.87)
2025-06-29T20:49:14.612+05:30  INFO 10632 --- [Joblisting] [http-nio-8080-exec-2] o.a.c.c.C.[Tomcat].[localhost].[/]       : Initializing Spring DispatcherServlet 'dispatcherServlet'
2025-06-29T20:49:14.613+05:30  INFO 10632 --- [Joblisting] [http-nio-8080-exec-2] o.s.web.servlet.DispatcherServlet        : Initializing Servlet 'dispatcherServlet'
2025-06-29T20:49:14.623+05:30  INFO 10632 --- [Joblisting] [http-nio-8080-exec-2] o.s.web.servlet.DispatcherServlet        : Completed initialization in 7 ms
2025-06-29T20:49:14.791+05:30  INFO 10632 --- [Joblisting] [http-nio-8080-exec-2] com.abis.project.aspect.LogginAspect     : getAllPost Method Called!
2025-06-29T20:49:14.793+05:30  INFO 10632 --- [Joblisting] [http-nio-8080-exec-2] com.abis.project.aspect.LogginAspect     : Exception occurd
2025-06-29T20:49:14.794+05:30  INFO 10632 --- [Joblisting] [http-nio-8080-exec-2] com.abis.project.aspect.LogginAspect     : call definatly!
2025-06-29T20:49:14.804+05:30 ERROR 10632 --- [Joblisting] [http-nio-8080-exec-2] o.a.c.c.C.[.[.[/].[dispatcherServlet]    : Servlet.service() for servlet [dispatcherServlet] in context with path [] threw exception [Request processing failed: java.lang.ArithmeticException: / by zero] with root cause

java.lang.ArithmeticException: / by zero
	at com.abis.project.controller.PostController.getAllPost(PostController.java:42) ~[classes/:na]
	at java.base/jdk.internal.reflect.NativeMethodAccessorImpl.invoke0(Native Method) ~[na:na]
	at java.base/jdk.internal.reflect.NativeMethodAccessorImpl.invoke(NativeMethodAccessorImpl.java:77) ~[na:na]
	at java.base/jdk.internal.reflect.DelegatingMethodAccessorImpl.invoke(DelegatingMethodAccessorImpl.java:43) ~[na:na]
	at java.base/java.lang.reflect.Method.invoke(Method.java:569) ~[na:na]
	at org.springframework.aop.support.AopUtils.invokeJoinpointUsingReflection(AopUtils.java:359) ~[spring-aop-6.2.8.jar:6.2.8]
	at org.springframework.aop.framework.ReflectiveMethodInvocation.invokeJoinpoint(ReflectiveMethodInvocation.java:196) ~[spring-aop-6.2.8.jar:6.2.8]
	at org.springframework.aop.framework.ReflectiveMethodInvocation.proceed(ReflectiveMethodInvocation.java:163) ~[spring-aop-6.2.8.jar:6.2.8]
	at org.springframework.aop.aspectj.AspectJAfterThrowingAdvice.invoke(AspectJAfterThrowingAdvice.java:64) ~[spring-aop-6.2.8.jar:6.2.8]
	at org.springframework.aop.framework.ReflectiveMethodInvocation.proceed(ReflectiveMethodInvocation.java:184) ~[spring-aop-6.2.8.jar:6.2.8]
	at org.springframework.aop.framework.adapter.AfterReturningAdviceInterceptor.invoke(AfterReturningAdviceInterceptor.java:57) ~[spring-aop-6.2.8.jar:6.2.8]
	at org.springframework.aop.framework.ReflectiveMethodInvocation.proceed(ReflectiveMethodInvocation.java:184) ~[spring-aop-6.2.8.jar:6.2.8]
	at org.springframework.aop.aspectj.AspectJAfterAdvice.invoke(AspectJAfterAdvice.java:49) ~[spring-aop-6.2.8.jar:6.2.8]
	at org.springframework.aop.framework.ReflectiveMethodInvocation.proceed(ReflectiveMethodInvocation.java:184) ~[spring-aop-6.2.8.jar:6.2.8]
	at org.springframework.aop.framework.adapter.MethodBeforeAdviceInterceptor.invoke(MethodBeforeAdviceInterceptor.java:58) ~[spring-aop-6.2.8.jar:6.2.8]
	at org.springframework.aop.framework.ReflectiveMethodInvocation.proceed(ReflectiveMethodInvocation.java:184) ~[spring-aop-6.2.8.jar:6.2.8]
	at org.springframework.aop.interceptor.ExposeInvocationInterceptor.invoke(ExposeInvocationInterceptor.java:97) ~[spring-aop-6.2.8.jar:6.2.8]
	at org.springframework.aop.framework.ReflectiveMethodInvocation.proceed(ReflectiveMethodInvocation.java:184) ~[spring-aop-6.2.8.jar:6.2.8]
	at org.springframework.aop.framework.CglibAopProxy$DynamicAdvisedInterceptor.intercept(CglibAopProxy.java:728) ~[spring-aop-6.2.8.jar:6.2.8]
	at com.abis.project.controller.PostController$$SpringCGLIB$$0.getAllPost(<generated>) ~[classes/:na]
	at java.base/jdk.internal.reflect.NativeMethodAccessorImpl.invoke0(Native Method) ~[na:na]
	at java.base/jdk.internal.reflect.NativeMethodAccessorImpl.invoke(NativeMethodAccessorImpl.java:77) ~[na:na]
	at java.base/jdk.internal.reflect.DelegatingMethodAccessorImpl.invoke(DelegatingMethodAccessorImpl.java:43) ~[na:na]
	at java.base/java.lang.reflect.Method.invoke(Method.java:569) ~[na:na]
	at org.springframework.web.method.support.InvocableHandlerMethod.doInvoke(InvocableHandlerMethod.java:258) ~[spring-web-6.2.8.jar:6.2.8]
	at org.springframework.web.method.support.InvocableHandlerMethod.invokeForRequest(InvocableHandlerMethod.java:191) ~[spring-web-6.2.8.jar:6.2.8]
	at org.springframework.web.servlet.mvc.method.annotation.ServletInvocableHandlerMethod.invokeAndHandle(ServletInvocableHandlerMethod.java:118) ~[spring-webmvc-6.2.8.jar:6.2.8]
	at org.springframework.web.servlet.mvc.method.annotation.RequestMappingHandlerAdapter.invokeHandlerMethod(RequestMappingHandlerAdapter.java:986) ~[spring-webmvc-6.2.8.jar:6.2.8]
	at org.springframework.web.servlet.mvc.method.annotation.RequestMappingHandlerAdapter.handleInternal(RequestMappingHandlerAdapter.java:891) ~[spring-webmvc-6.2.8.jar:6.2.8]
	at org.springframework.web.servlet.mvc.method.AbstractHandlerMethodAdapter.handle(AbstractHandlerMethodAdapter.java:87) ~[spring-webmvc-6.2.8.jar:6.2.8]
	at org.springframework.web.servlet.DispatcherServlet.doDispatch(DispatcherServlet.java:1089) ~[spring-webmvc-6.2.8.jar:6.2.8]
	at org.springframework.web.servlet.DispatcherServlet.doService(DispatcherServlet.java:979) ~[spring-webmvc-6.2.8.jar:6.2.8]
	at org.springframework.web.servlet.FrameworkServlet.processRequest(FrameworkServlet.java:1014) ~[spring-webmvc-6.2.8.jar:6.2.8]
	at org.springframework.web.servlet.FrameworkServlet.doGet(FrameworkServlet.java:903) ~[spring-webmvc-6.2.8.jar:6.2.8]
	at jakarta.servlet.http.HttpServlet.service(HttpServlet.java:564) ~[tomcat-embed-core-10.1.42.jar:6.0]
	at org.springframework.web.servlet.FrameworkServlet.service(FrameworkServlet.java:885) ~[spring-webmvc-6.2.8.jar:6.2.8]
	at jakarta.servlet.http.HttpServlet.service(HttpServlet.java:658) ~[tomcat-embed-core-10.1.42.jar:6.0]
	at org.apache.catalina.core.ApplicationFilterChain.internalDoFilter(ApplicationFilterChain.java:195) ~[tomcat-embed-core-10.1.42.jar:10.1.42]
	at org.apache.catalina.core.ApplicationFilterChain.doFilter(ApplicationFilterChain.java:140) ~[tomcat-embed-core-10.1.42.jar:10.1.42]
	at org.apache.tomcat.websocket.server.WsFilter.doFilter(WsFilter.java:51) ~[tomcat-embed-websocket-10.1.42.jar:10.1.42]
	at org.apache.catalina.core.ApplicationFilterChain.internalDoFilter(ApplicationFilterChain.java:164) ~[tomcat-embed-core-10.1.42.jar:10.1.42]
	at org.apache.catalina.core.ApplicationFilterChain.doFilter(ApplicationFilterChain.java:140) ~[tomcat-embed-core-10.1.42.jar:10.1.42]
	at org.springframework.web.filter.RequestContextFilter.doFilterInternal(RequestContextFilter.java:100) ~[spring-web-6.2.8.jar:6.2.8]
	at org.springframework.web.filter.OncePerRequestFilter.doFilter(OncePerRequestFilter.java:116) ~[spring-web-6.2.8.jar:6.2.8]
	at org.apache.catalina.core.ApplicationFilterChain.internalDoFilter(ApplicationFilterChain.java:164) ~[tomcat-embed-core-10.1.42.jar:10.1.42]
	at org.apache.catalina.core.ApplicationFilterChain.doFilter(ApplicationFilterChain.java:140) ~[tomcat-embed-core-10.1.42.jar:10.1.42]
	at org.springframework.web.filter.FormContentFilter.doFilterInternal(FormContentFilter.java:93) ~[spring-web-6.2.8.jar:6.2.8]
	at org.springframework.web.filter.OncePerRequestFilter.doFilter(OncePerRequestFilter.java:116) ~[spring-web-6.2.8.jar:6.2.8]
	at org.apache.catalina.core.ApplicationFilterChain.internalDoFilter(ApplicationFilterChain.java:164) ~[tomcat-embed-core-10.1.42.jar:10.1.42]
	at org.apache.catalina.core.ApplicationFilterChain.doFilter(ApplicationFilterChain.java:140) ~[tomcat-embed-core-10.1.42.jar:10.1.42]
	at org.springframework.web.filter.CharacterEncodingFilter.doFilterInternal(CharacterEncodingFilter.java:201) ~[spring-web-6.2.8.jar:6.2.8]
	at org.springframework.web.filter.OncePerRequestFilter.doFilter(OncePerRequestFilter.java:116) ~[spring-web-6.2.8.jar:6.2.8]
	at org.apache.catalina.core.ApplicationFilterChain.internalDoFilter(ApplicationFilterChain.java:164) ~[tomcat-embed-core-10.1.42.jar:10.1.42]
	at org.apache.catalina.core.ApplicationFilterChain.doFilter(ApplicationFilterChain.java:140) ~[tomcat-embed-core-10.1.42.jar:10.1.42]
	at org.apache.catalina.core.StandardWrapperValve.invoke(StandardWrapperValve.java:167) ~[tomcat-embed-core-10.1.42.jar:10.1.42]
	at org.apache.catalina.core.StandardContextValve.invoke(StandardContextValve.java:90) ~[tomcat-embed-core-10.1.42.jar:10.1.42]
	at org.apache.catalina.authenticator.AuthenticatorBase.invoke(AuthenticatorBase.java:483) ~[tomcat-embed-core-10.1.42.jar:10.1.42]
	at org.apache.catalina.core.StandardHostValve.invoke(StandardHostValve.java:116) ~[tomcat-embed-core-10.1.42.jar:10.1.42]
	at org.apache.catalina.valves.ErrorReportValve.invoke(ErrorReportValve.java:93) ~[tomcat-embed-core-10.1.42.jar:10.1.42]
	at org.apache.catalina.core.StandardEngineValve.invoke(StandardEngineValve.java:74) ~[tomcat-embed-core-10.1.42.jar:10.1.42]
	at org.apache.catalina.connector.CoyoteAdapter.service(CoyoteAdapter.java:344) ~[tomcat-embed-core-10.1.42.jar:10.1.42]
	at org.apache.coyote.http11.Http11Processor.service(Http11Processor.java:398) ~[tomcat-embed-core-10.1.42.jar:10.1.42]
	at org.apache.coyote.AbstractProcessorLight.process(AbstractProcessorLight.java:63) ~[tomcat-embed-core-10.1.42.jar:10.1.42]
	at org.apache.coyote.AbstractProtocol$ConnectionHandler.process(AbstractProtocol.java:903) ~[tomcat-embed-core-10.1.42.jar:10.1.42]
	at org.apache.tomcat.util.net.NioEndpoint$SocketProcessor.doRun(NioEndpoint.java:1769) ~[tomcat-embed-core-10.1.42.jar:10.1.42]
	at org.apache.tomcat.util.net.SocketProcessorBase.run(SocketProcessorBase.java:52) ~[tomcat-embed-core-10.1.42.jar:10.1.42]
	at org.apache.tomcat.util.threads.ThreadPoolExecutor.runWorker(ThreadPoolExecutor.java:1189) ~[tomcat-embed-core-10.1.42.jar:10.1.42]
	at org.apache.tomcat.util.threads.ThreadPoolExecutor$Worker.run(ThreadPoolExecutor.java:658) ~[tomcat-embed-core-10.1.42.jar:10.1.42]
	at org.apache.tomcat.util.threads.TaskThread$WrappingRunnable.run(TaskThread.java:63) ~[tomcat-embed-core-10.1.42.jar:10.1.42]
	at java.base/java.lang.Thread.run(Thread.java:840) ~[na:na]

